running egg_info
creating ../../build/ros_rclpy_package/ros_rclpy_package.egg-info
writing ../../build/ros_rclpy_package/ros_rclpy_package.egg-info/PKG-INFO
writing dependency_links to ../../build/ros_rclpy_package/ros_rclpy_package.egg-info/dependency_links.txt
writing entry points to ../../build/ros_rclpy_package/ros_rclpy_package.egg-info/entry_points.txt
writing requirements to ../../build/ros_rclpy_package/ros_rclpy_package.egg-info/requires.txt
writing top-level names to ../../build/ros_rclpy_package/ros_rclpy_package.egg-info/top_level.txt
writing manifest file '../../build/ros_rclpy_package/ros_rclpy_package.egg-info/SOURCES.txt'
reading manifest file '../../build/ros_rclpy_package/ros_rclpy_package.egg-info/SOURCES.txt'
writing manifest file '../../build/ros_rclpy_package/ros_rclpy_package.egg-info/SOURCES.txt'
running build
running build_py
creating /home/mintji/ros2_foxy/build/ros_rclpy_package/build
creating /home/mintji/ros2_foxy/build/ros_rclpy_package/build/lib
creating /home/mintji/ros2_foxy/build/ros_rclpy_package/build/lib/ros_rclpy_package
copying ros_rclpy_package/__init__.py -> /home/mintji/ros2_foxy/build/ros_rclpy_package/build/lib/ros_rclpy_package
copying ros_rclpy_package/my_first_node.py -> /home/mintji/ros2_foxy/build/ros_rclpy_package/build/lib/ros_rclpy_package
running install
running install_lib
creating /home/mintji/ros2_foxy/install/ros_rclpy_package/lib/python3.8/site-packages/ros_rclpy_package
copying /home/mintji/ros2_foxy/build/ros_rclpy_package/build/lib/ros_rclpy_package/__init__.py -> /home/mintji/ros2_foxy/install/ros_rclpy_package/lib/python3.8/site-packages/ros_rclpy_package
copying /home/mintji/ros2_foxy/build/ros_rclpy_package/build/lib/ros_rclpy_package/my_first_node.py -> /home/mintji/ros2_foxy/install/ros_rclpy_package/lib/python3.8/site-packages/ros_rclpy_package
byte-compiling /home/mintji/ros2_foxy/install/ros_rclpy_package/lib/python3.8/site-packages/ros_rclpy_package/__init__.py to __init__.cpython-38.pyc
byte-compiling /home/mintji/ros2_foxy/install/ros_rclpy_package/lib/python3.8/site-packages/ros_rclpy_package/my_first_node.py to my_first_node.cpython-38.pyc
running install_data
creating /home/mintji/ros2_foxy/install/ros_rclpy_package/share/ament_index
creating /home/mintji/ros2_foxy/install/ros_rclpy_package/share/ament_index/resource_index
creating /home/mintji/ros2_foxy/install/ros_rclpy_package/share/ament_index/resource_index/packages
copying resource/ros_rclpy_package -> /home/mintji/ros2_foxy/install/ros_rclpy_package/share/ament_index/resource_index/packages
copying package.xml -> /home/mintji/ros2_foxy/install/ros_rclpy_package/share/ros_rclpy_package
running install_egg_info
Copying ../../build/ros_rclpy_package/ros_rclpy_package.egg-info to /home/mintji/ros2_foxy/install/ros_rclpy_package/lib/python3.8/site-packages/ros_rclpy_package-0.0.0-py3.8.egg-info
running install_scripts
Installing my_first_node script to /home/mintji/ros2_foxy/install/ros_rclpy_package/lib/ros_rclpy_package
writing list of installed files to '/home/mintji/ros2_foxy/build/ros_rclpy_package/install.log'
