[0.287s] DEBUG:colcon:Command line arguments: ['/usr/bin/colcon', 'build']
[0.287s] DEBUG:colcon:Parsed command line arguments: Namespace(allow_overriding=[], ament_cmake_args=None, base_paths=['.'], build_base='build', catkin_cmake_args=None, catkin_skip_building_tests=False, cmake_args=None, cmake_clean_cache=False, cmake_clean_first=False, cmake_force_configure=False, cmake_target=None, cmake_target_skip_unavailable=False, continue_on_error=False, event_handlers=None, executor='parallel', ignore_user_meta=False, install_base='install', log_base=None, log_level=None, main=<bound method BuildVerb.main of <colcon_core.verb.build.BuildVerb object at 0x7f3b003e42b0>>, merge_install=False, metas=['./colcon.meta'], packages_above=None, packages_above_and_dependencies=None, packages_above_depth=None, packages_end=None, packages_ignore=None, packages_ignore_regex=None, packages_select=None, packages_select_build_failed=False, packages_select_by_dep=None, packages_select_regex=None, packages_select_test_failures=False, packages_skip=None, packages_skip_build_finished=False, packages_skip_by_dep=None, packages_skip_regex=None, packages_skip_test_passed=False, packages_skip_up_to=None, packages_start=None, packages_up_to=None, packages_up_to_regex=None, parallel_workers=8, paths=None, symlink_install=False, test_result_base=None, verb_extension=<colcon_core.verb.build.BuildVerb object at 0x7f3b003e42b0>, verb_name='build', verb_parser=<colcon_defaults.argument_parser.defaults.DefaultArgumentsDecorator object at 0x7f3b003e47f0>)
[0.311s] Level 1:colcon.colcon_core.package_discovery:discover_packages(colcon_meta) check parameters
[0.311s] Level 1:colcon.colcon_core.package_discovery:discover_packages(recursive) check parameters
[0.311s] Level 1:colcon.colcon_core.package_discovery:discover_packages(ignore) check parameters
[0.311s] Level 1:colcon.colcon_core.package_discovery:discover_packages(path) check parameters
[0.311s] Level 1:colcon.colcon_core.package_discovery:discover_packages(colcon_meta) discover
[0.312s] Level 1:colcon.colcon_core.package_discovery:discover_packages(recursive) discover
[0.312s] INFO:colcon.colcon_core.package_discovery:Crawling recursively for packages in '/home/mintji/ros2_foxy'
[0.312s] Level 1:colcon.colcon_core.package_identification:_identify(.) by extensions ['ignore', 'ignore_ament_install']
[0.313s] Level 1:colcon.colcon_core.package_identification:_identify(.) by extension 'ignore'
[0.313s] Level 1:colcon.colcon_core.package_identification:_identify(.) by extension 'ignore_ament_install'
[0.313s] Level 1:colcon.colcon_core.package_identification:_identify(.) by extensions ['colcon_pkg']
[0.313s] Level 1:colcon.colcon_core.package_identification:_identify(.) by extension 'colcon_pkg'
[0.313s] Level 1:colcon.colcon_core.package_identification:_identify(.) by extensions ['colcon_meta']
[0.313s] Level 1:colcon.colcon_core.package_identification:_identify(.) by extension 'colcon_meta'
[0.313s] Level 1:colcon.colcon_core.package_identification:_identify(.) by extensions ['ros']
[0.313s] Level 1:colcon.colcon_core.package_identification:_identify(.) by extension 'ros'
[0.335s] Level 1:colcon.colcon_core.package_identification:_identify(.) by extensions ['cmake', 'python']
[0.335s] Level 1:colcon.colcon_core.package_identification:_identify(.) by extension 'cmake'
[0.335s] Level 1:colcon.colcon_core.package_identification:_identify(.) by extension 'python'
[0.335s] Level 1:colcon.colcon_core.package_identification:_identify(.) by extensions ['python_setup_py']
[0.335s] Level 1:colcon.colcon_core.package_identification:_identify(.) by extension 'python_setup_py'
[0.335s] Level 1:colcon.colcon_core.package_identification:_identify(build) by extensions ['ignore', 'ignore_ament_install']
[0.335s] Level 1:colcon.colcon_core.package_identification:_identify(build) by extension 'ignore'
[0.336s] Level 1:colcon.colcon_core.package_identification:_identify(build) ignored
[0.336s] Level 1:colcon.colcon_core.package_identification:_identify(install) by extensions ['ignore', 'ignore_ament_install']
[0.336s] Level 1:colcon.colcon_core.package_identification:_identify(install) by extension 'ignore'
[0.336s] Level 1:colcon.colcon_core.package_identification:_identify(install) ignored
[0.336s] Level 1:colcon.colcon_core.package_identification:_identify(log) by extensions ['ignore', 'ignore_ament_install']
[0.336s] Level 1:colcon.colcon_core.package_identification:_identify(log) by extension 'ignore'
[0.336s] Level 1:colcon.colcon_core.package_identification:_identify(log) ignored
[0.336s] Level 1:colcon.colcon_core.package_identification:_identify(src) by extensions ['ignore', 'ignore_ament_install']
[0.336s] Level 1:colcon.colcon_core.package_identification:_identify(src) by extension 'ignore'
[0.336s] Level 1:colcon.colcon_core.package_identification:_identify(src) by extension 'ignore_ament_install'
[0.336s] Level 1:colcon.colcon_core.package_identification:_identify(src) by extensions ['colcon_pkg']
[0.336s] Level 1:colcon.colcon_core.package_identification:_identify(src) by extension 'colcon_pkg'
[0.336s] Level 1:colcon.colcon_core.package_identification:_identify(src) by extensions ['colcon_meta']
[0.336s] Level 1:colcon.colcon_core.package_identification:_identify(src) by extension 'colcon_meta'
[0.336s] Level 1:colcon.colcon_core.package_identification:_identify(src) by extensions ['ros']
[0.336s] Level 1:colcon.colcon_core.package_identification:_identify(src) by extension 'ros'
[0.336s] Level 1:colcon.colcon_core.package_identification:_identify(src) by extensions ['cmake', 'python']
[0.336s] Level 1:colcon.colcon_core.package_identification:_identify(src) by extension 'cmake'
[0.337s] Level 1:colcon.colcon_core.package_identification:_identify(src) by extension 'python'
[0.337s] Level 1:colcon.colcon_core.package_identification:_identify(src) by extensions ['python_setup_py']
[0.337s] Level 1:colcon.colcon_core.package_identification:_identify(src) by extension 'python_setup_py'
[0.337s] Level 1:colcon.colcon_core.package_identification:_identify(src/ros_rclpy_package) by extensions ['ignore', 'ignore_ament_install']
[0.337s] Level 1:colcon.colcon_core.package_identification:_identify(src/ros_rclpy_package) by extension 'ignore'
[0.337s] Level 1:colcon.colcon_core.package_identification:_identify(src/ros_rclpy_package) by extension 'ignore_ament_install'
[0.337s] Level 1:colcon.colcon_core.package_identification:_identify(src/ros_rclpy_package) by extensions ['colcon_pkg']
[0.337s] Level 1:colcon.colcon_core.package_identification:_identify(src/ros_rclpy_package) by extension 'colcon_pkg'
[0.337s] Level 1:colcon.colcon_core.package_identification:_identify(src/ros_rclpy_package) by extensions ['colcon_meta']
[0.337s] Level 1:colcon.colcon_core.package_identification:_identify(src/ros_rclpy_package) by extension 'colcon_meta'
[0.337s] Level 1:colcon.colcon_core.package_identification:_identify(src/ros_rclpy_package) by extensions ['ros']
[0.337s] Level 1:colcon.colcon_core.package_identification:_identify(src/ros_rclpy_package) by extension 'ros'
[0.339s] DEBUG:colcon.colcon_core.package_identification:Package 'src/ros_rclpy_package' with type 'ros.ament_python' and name 'ros_rclpy_package'
[0.339s] Level 1:colcon.colcon_core.package_identification:_identify(src/ros_rclpy_package_msgs) by extensions ['ignore', 'ignore_ament_install']
[0.340s] Level 1:colcon.colcon_core.package_identification:_identify(src/ros_rclpy_package_msgs) by extension 'ignore'
[0.340s] Level 1:colcon.colcon_core.package_identification:_identify(src/ros_rclpy_package_msgs) by extension 'ignore_ament_install'
[0.340s] Level 1:colcon.colcon_core.package_identification:_identify(src/ros_rclpy_package_msgs) by extensions ['colcon_pkg']
[0.340s] Level 1:colcon.colcon_core.package_identification:_identify(src/ros_rclpy_package_msgs) by extension 'colcon_pkg'
[0.340s] Level 1:colcon.colcon_core.package_identification:_identify(src/ros_rclpy_package_msgs) by extensions ['colcon_meta']
[0.340s] Level 1:colcon.colcon_core.package_identification:_identify(src/ros_rclpy_package_msgs) by extension 'colcon_meta'
[0.340s] Level 1:colcon.colcon_core.package_identification:_identify(src/ros_rclpy_package_msgs) by extensions ['ros']
[0.340s] Level 1:colcon.colcon_core.package_identification:_identify(src/ros_rclpy_package_msgs) by extension 'ros'
[0.340s] DEBUG:colcon.colcon_core.package_identification:Package 'src/ros_rclpy_package_msgs' with type 'ros.ament_cmake' and name 'ros_rclpy_package_msgs'
[0.340s] Level 1:colcon.colcon_core.package_discovery:discover_packages(recursive) using defaults
[0.340s] Level 1:colcon.colcon_core.package_discovery:discover_packages(ignore) discover
[0.340s] Level 1:colcon.colcon_core.package_discovery:discover_packages(ignore) using defaults
[0.340s] Level 1:colcon.colcon_core.package_discovery:discover_packages(path) discover
[0.340s] Level 1:colcon.colcon_core.package_discovery:discover_packages(path) using defaults
[0.359s] Level 1:colcon.colcon_core.package_discovery:discover_packages(prefix_path) check parameters
[0.359s] Level 1:colcon.colcon_core.package_discovery:discover_packages(prefix_path) discover
[0.362s] DEBUG:colcon.colcon_installed_package_information.package_discovery:Found 2 installed packages in /home/mintji/ros2_foxy/install
[0.363s] DEBUG:colcon.colcon_installed_package_information.package_discovery:Found 2 installed packages in /home/mintji/ros2_study/install
[0.364s] DEBUG:colcon.colcon_installed_package_information.package_discovery:Found 263 installed packages in /opt/ros/foxy
[0.365s] Level 1:colcon.colcon_core.package_discovery:discover_packages(prefix_path) using defaults
[0.426s] Level 5:colcon.colcon_core.verb:set package 'ros_rclpy_package' build argument 'cmake_args' from command line to 'None'
[0.427s] Level 5:colcon.colcon_core.verb:set package 'ros_rclpy_package' build argument 'cmake_target' from command line to 'None'
[0.427s] Level 5:colcon.colcon_core.verb:set package 'ros_rclpy_package' build argument 'cmake_target_skip_unavailable' from command line to 'False'
[0.427s] Level 5:colcon.colcon_core.verb:set package 'ros_rclpy_package' build argument 'cmake_clean_cache' from command line to 'False'
[0.427s] Level 5:colcon.colcon_core.verb:set package 'ros_rclpy_package' build argument 'cmake_clean_first' from command line to 'False'
[0.427s] Level 5:colcon.colcon_core.verb:set package 'ros_rclpy_package' build argument 'cmake_force_configure' from command line to 'False'
[0.427s] Level 5:colcon.colcon_core.verb:set package 'ros_rclpy_package' build argument 'ament_cmake_args' from command line to 'None'
[0.427s] Level 5:colcon.colcon_core.verb:set package 'ros_rclpy_package' build argument 'catkin_cmake_args' from command line to 'None'
[0.427s] Level 5:colcon.colcon_core.verb:set package 'ros_rclpy_package' build argument 'catkin_skip_building_tests' from command line to 'False'
[0.427s] DEBUG:colcon.colcon_core.verb:Building package 'ros_rclpy_package' with the following arguments: {'ament_cmake_args': None, 'build_base': '/home/mintji/ros2_foxy/build/ros_rclpy_package', 'catkin_cmake_args': None, 'catkin_skip_building_tests': False, 'cmake_args': None, 'cmake_clean_cache': False, 'cmake_clean_first': False, 'cmake_force_configure': False, 'cmake_target': None, 'cmake_target_skip_unavailable': False, 'install_base': '/home/mintji/ros2_foxy/install/ros_rclpy_package', 'merge_install': False, 'path': '/home/mintji/ros2_foxy/src/ros_rclpy_package', 'symlink_install': False, 'test_result_base': None}
[0.428s] Level 5:colcon.colcon_core.verb:set package 'ros_rclpy_package_msgs' build argument 'cmake_args' from command line to 'None'
[0.428s] Level 5:colcon.colcon_core.verb:set package 'ros_rclpy_package_msgs' build argument 'cmake_target' from command line to 'None'
[0.428s] Level 5:colcon.colcon_core.verb:set package 'ros_rclpy_package_msgs' build argument 'cmake_target_skip_unavailable' from command line to 'False'
[0.428s] Level 5:colcon.colcon_core.verb:set package 'ros_rclpy_package_msgs' build argument 'cmake_clean_cache' from command line to 'False'
[0.428s] Level 5:colcon.colcon_core.verb:set package 'ros_rclpy_package_msgs' build argument 'cmake_clean_first' from command line to 'False'
[0.428s] Level 5:colcon.colcon_core.verb:set package 'ros_rclpy_package_msgs' build argument 'cmake_force_configure' from command line to 'False'
[0.428s] Level 5:colcon.colcon_core.verb:set package 'ros_rclpy_package_msgs' build argument 'ament_cmake_args' from command line to 'None'
[0.428s] Level 5:colcon.colcon_core.verb:set package 'ros_rclpy_package_msgs' build argument 'catkin_cmake_args' from command line to 'None'
[0.429s] Level 5:colcon.colcon_core.verb:set package 'ros_rclpy_package_msgs' build argument 'catkin_skip_building_tests' from command line to 'False'
[0.429s] DEBUG:colcon.colcon_core.verb:Building package 'ros_rclpy_package_msgs' with the following arguments: {'ament_cmake_args': None, 'build_base': '/home/mintji/ros2_foxy/build/ros_rclpy_package_msgs', 'catkin_cmake_args': None, 'catkin_skip_building_tests': False, 'cmake_args': None, 'cmake_clean_cache': False, 'cmake_clean_first': False, 'cmake_force_configure': False, 'cmake_target': None, 'cmake_target_skip_unavailable': False, 'install_base': '/home/mintji/ros2_foxy/install/ros_rclpy_package_msgs', 'merge_install': False, 'path': '/home/mintji/ros2_foxy/src/ros_rclpy_package_msgs', 'symlink_install': False, 'test_result_base': None}
[0.429s] INFO:colcon.colcon_core.executor:Executing jobs using 'parallel' executor
[0.432s] DEBUG:colcon.colcon_parallel_executor.executor.parallel:run_until_complete
[0.433s] INFO:colcon.colcon_ros.task.ament_python.build:Building ROS package in '/home/mintji/ros2_foxy/src/ros_rclpy_package' with build type 'ament_python'
[0.433s] Level 1:colcon.colcon_core.shell:create_environment_hook('ros_rclpy_package', 'ament_prefix_path')
[0.438s] INFO:colcon.colcon_core.plugin_system:Skipping extension 'colcon_core.shell.bat': Not used on non-Windows systems
[0.438s] INFO:colcon.colcon_core.shell:Creating environment hook '/home/mintji/ros2_foxy/install/ros_rclpy_package/share/ros_rclpy_package/hook/ament_prefix_path.ps1'
[0.439s] INFO:colcon.colcon_core.shell:Creating environment descriptor '/home/mintji/ros2_foxy/install/ros_rclpy_package/share/ros_rclpy_package/hook/ament_prefix_path.dsv'
[0.440s] INFO:colcon.colcon_core.shell:Creating environment hook '/home/mintji/ros2_foxy/install/ros_rclpy_package/share/ros_rclpy_package/hook/ament_prefix_path.sh'
[0.442s] INFO:colcon.colcon_core.shell:Skip shell extension 'powershell' for command environment: Not usable outside of PowerShell
[0.442s] DEBUG:colcon.colcon_core.shell:Skip shell extension 'dsv' for command environment
[0.449s] INFO:colcon.colcon_ros.task.ament_cmake.build:Building ROS package in '/home/mintji/ros2_foxy/src/ros_rclpy_package_msgs' with build type 'ament_cmake'
[0.449s] INFO:colcon.colcon_cmake.task.cmake.build:Building CMake package in '/home/mintji/ros2_foxy/src/ros_rclpy_package_msgs'
[0.451s] INFO:colcon.colcon_core.shell:Skip shell extension 'powershell' for command environment: Not usable outside of PowerShell
[0.452s] DEBUG:colcon.colcon_core.shell:Skip shell extension 'dsv' for command environment
[0.686s] INFO:colcon.colcon_core.task.python.build:Building Python package in '/home/mintji/ros2_foxy/src/ros_rclpy_package'
[0.688s] INFO:colcon.colcon_core.shell:Skip shell extension 'powershell' for command environment: Not usable outside of PowerShell
[0.688s] DEBUG:colcon.colcon_core.shell:Skip shell extension 'dsv' for command environment
[0.699s] DEBUG:colcon.colcon_core.event_handler.log_command:Invoking command in '/home/mintji/ros2_foxy/build/ros_rclpy_package_msgs': CMAKE_PREFIX_PATH=${CMAKE_PREFIX_PATH}:/home/mintji/ros2_foxy/install/ros_rclpy_package:/home/mintji/ros2_study/install/my_first_rclpy_package:/opt/ros/foxy /usr/bin/cmake --build /home/mintji/ros2_foxy/build/ros_rclpy_package_msgs -- -j8 -l8
[0.968s] DEBUG:colcon.colcon_core.event_handler.log_command:Invoked command in '/home/mintji/ros2_foxy/build/ros_rclpy_package_msgs' returned '0': CMAKE_PREFIX_PATH=${CMAKE_PREFIX_PATH}:/home/mintji/ros2_foxy/install/ros_rclpy_package:/home/mintji/ros2_study/install/my_first_rclpy_package:/opt/ros/foxy /usr/bin/cmake --build /home/mintji/ros2_foxy/build/ros_rclpy_package_msgs -- -j8 -l8
[1.049s] DEBUG:colcon.colcon_core.event_handler.log_command:Invoking command in '/home/mintji/ros2_foxy/build/ros_rclpy_package_msgs': CMAKE_PREFIX_PATH=${CMAKE_PREFIX_PATH}:/home/mintji/ros2_foxy/install/ros_rclpy_package:/home/mintji/ros2_study/install/my_first_rclpy_package:/opt/ros/foxy /usr/bin/cmake --install /home/mintji/ros2_foxy/build/ros_rclpy_package_msgs
[1.117s] Level 1:colcon.colcon_core.environment:create_environment_scripts_only(ros_rclpy_package_msgs)
[1.126s] DEBUG:colcon.colcon_core.event_handler.log_command:Invoked command in '/home/mintji/ros2_foxy/build/ros_rclpy_package_msgs' returned '0': CMAKE_PREFIX_PATH=${CMAKE_PREFIX_PATH}:/home/mintji/ros2_foxy/install/ros_rclpy_package:/home/mintji/ros2_study/install/my_first_rclpy_package:/opt/ros/foxy /usr/bin/cmake --install /home/mintji/ros2_foxy/build/ros_rclpy_package_msgs
[1.129s] Level 1:colcon.colcon_core.environment:checking '/home/mintji/ros2_foxy/install/ros_rclpy_package_msgs' for CMake module files
[1.130s] Level 1:colcon.colcon_core.environment:checking '/home/mintji/ros2_foxy/install/ros_rclpy_package_msgs' for CMake config files
[1.130s] Level 1:colcon.colcon_core.shell:create_environment_hook('ros_rclpy_package_msgs', 'cmake_prefix_path')
[1.132s] INFO:colcon.colcon_core.shell:Creating environment hook '/home/mintji/ros2_foxy/install/ros_rclpy_package_msgs/share/ros_rclpy_package_msgs/hook/cmake_prefix_path.ps1'
[1.132s] INFO:colcon.colcon_core.shell:Creating environment descriptor '/home/mintji/ros2_foxy/install/ros_rclpy_package_msgs/share/ros_rclpy_package_msgs/hook/cmake_prefix_path.dsv'
[1.133s] INFO:colcon.colcon_core.shell:Creating environment hook '/home/mintji/ros2_foxy/install/ros_rclpy_package_msgs/share/ros_rclpy_package_msgs/hook/cmake_prefix_path.sh'
[1.136s] Level 1:colcon.colcon_core.environment:checking '/home/mintji/ros2_foxy/install/ros_rclpy_package_msgs/lib'
[1.136s] Level 1:colcon.colcon_core.shell:create_environment_hook('ros_rclpy_package_msgs', 'ld_library_path_lib')
[1.138s] INFO:colcon.colcon_core.shell:Creating environment hook '/home/mintji/ros2_foxy/install/ros_rclpy_package_msgs/share/ros_rclpy_package_msgs/hook/ld_library_path_lib.ps1'
[1.139s] INFO:colcon.colcon_core.shell:Creating environment descriptor '/home/mintji/ros2_foxy/install/ros_rclpy_package_msgs/share/ros_rclpy_package_msgs/hook/ld_library_path_lib.dsv'
[1.139s] INFO:colcon.colcon_core.shell:Creating environment hook '/home/mintji/ros2_foxy/install/ros_rclpy_package_msgs/share/ros_rclpy_package_msgs/hook/ld_library_path_lib.sh'
[1.140s] Level 1:colcon.colcon_core.environment:checking '/home/mintji/ros2_foxy/install/ros_rclpy_package_msgs/bin'
[1.140s] Level 1:colcon.colcon_core.environment:checking '/home/mintji/ros2_foxy/install/ros_rclpy_package_msgs/lib/pkgconfig/ros_rclpy_package_msgs.pc'
[1.141s] Level 1:colcon.colcon_core.environment:checking '/home/mintji/ros2_foxy/install/ros_rclpy_package_msgs/lib/python3.8/site-packages'
[1.141s] Level 1:colcon.colcon_core.shell:create_environment_hook('ros_rclpy_package_msgs', 'pythonpath')
[1.142s] INFO:colcon.colcon_core.shell:Creating environment hook '/home/mintji/ros2_foxy/install/ros_rclpy_package_msgs/share/ros_rclpy_package_msgs/hook/pythonpath.ps1'
[1.143s] INFO:colcon.colcon_core.shell:Creating environment descriptor '/home/mintji/ros2_foxy/install/ros_rclpy_package_msgs/share/ros_rclpy_package_msgs/hook/pythonpath.dsv'
[1.144s] INFO:colcon.colcon_core.shell:Creating environment hook '/home/mintji/ros2_foxy/install/ros_rclpy_package_msgs/share/ros_rclpy_package_msgs/hook/pythonpath.sh'
[1.145s] Level 1:colcon.colcon_core.environment:checking '/home/mintji/ros2_foxy/install/ros_rclpy_package_msgs/bin'
[1.147s] INFO:colcon.colcon_core.shell:Creating package script '/home/mintji/ros2_foxy/install/ros_rclpy_package_msgs/share/ros_rclpy_package_msgs/package.ps1'
[1.149s] INFO:colcon.colcon_core.shell:Creating package descriptor '/home/mintji/ros2_foxy/install/ros_rclpy_package_msgs/share/ros_rclpy_package_msgs/package.dsv'
[1.150s] INFO:colcon.colcon_core.shell:Creating package script '/home/mintji/ros2_foxy/install/ros_rclpy_package_msgs/share/ros_rclpy_package_msgs/package.sh'
[1.151s] INFO:colcon.colcon_core.shell:Creating package script '/home/mintji/ros2_foxy/install/ros_rclpy_package_msgs/share/ros_rclpy_package_msgs/package.bash'
[1.152s] INFO:colcon.colcon_core.shell:Creating package script '/home/mintji/ros2_foxy/install/ros_rclpy_package_msgs/share/ros_rclpy_package_msgs/package.zsh'
[1.154s] Level 1:colcon.colcon_core.environment:create_file_with_runtime_dependencies(/home/mintji/ros2_foxy/install/ros_rclpy_package_msgs/share/colcon-core/packages/ros_rclpy_package_msgs)
[1.198s] DEBUG:colcon.colcon_core.event_handler.log_command:Invoking command in '/home/mintji/ros2_foxy/src/ros_rclpy_package': PYTHONPATH=/home/mintji/ros2_foxy/build/ros_rclpy_package/prefix_override:/home/mintji/ros2_foxy/install/ros_rclpy_package/lib/python3.8/site-packages:${PYTHONPATH} /usr/bin/python3 setup.py egg_info --egg-base ../../build/ros_rclpy_package build --build-base /home/mintji/ros2_foxy/build/ros_rclpy_package/build install --record /home/mintji/ros2_foxy/build/ros_rclpy_package/install.log --install-scripts $base/lib/ros_rclpy_package --single-version-externally-managed
[1.222s] Level 1:colcon.colcon_core.environment:create_environment_scripts_only(ros_rclpy_package_msgs)
[1.224s] Level 1:colcon.colcon_core.environment:checking '/home/mintji/ros2_foxy/install/ros_rclpy_package_msgs' for CMake module files
[1.225s] Level 1:colcon.colcon_core.environment:checking '/home/mintji/ros2_foxy/install/ros_rclpy_package_msgs' for CMake config files
[1.225s] Level 1:colcon.colcon_core.shell:create_environment_hook('ros_rclpy_package_msgs', 'cmake_prefix_path')
[1.227s] INFO:colcon.colcon_core.shell:Creating environment hook '/home/mintji/ros2_foxy/install/ros_rclpy_package_msgs/share/ros_rclpy_package_msgs/hook/cmake_prefix_path.ps1'
[1.227s] INFO:colcon.colcon_core.shell:Creating environment descriptor '/home/mintji/ros2_foxy/install/ros_rclpy_package_msgs/share/ros_rclpy_package_msgs/hook/cmake_prefix_path.dsv'
[1.228s] INFO:colcon.colcon_core.shell:Creating environment hook '/home/mintji/ros2_foxy/install/ros_rclpy_package_msgs/share/ros_rclpy_package_msgs/hook/cmake_prefix_path.sh'
[1.229s] Level 1:colcon.colcon_core.environment:checking '/home/mintji/ros2_foxy/install/ros_rclpy_package_msgs/lib'
[1.229s] Level 1:colcon.colcon_core.shell:create_environment_hook('ros_rclpy_package_msgs', 'ld_library_path_lib')
[1.231s] INFO:colcon.colcon_core.shell:Creating environment hook '/home/mintji/ros2_foxy/install/ros_rclpy_package_msgs/share/ros_rclpy_package_msgs/hook/ld_library_path_lib.ps1'
[1.232s] INFO:colcon.colcon_core.shell:Creating environment descriptor '/home/mintji/ros2_foxy/install/ros_rclpy_package_msgs/share/ros_rclpy_package_msgs/hook/ld_library_path_lib.dsv'
[1.232s] INFO:colcon.colcon_core.shell:Creating environment hook '/home/mintji/ros2_foxy/install/ros_rclpy_package_msgs/share/ros_rclpy_package_msgs/hook/ld_library_path_lib.sh'
[1.233s] Level 1:colcon.colcon_core.environment:checking '/home/mintji/ros2_foxy/install/ros_rclpy_package_msgs/bin'
[1.233s] Level 1:colcon.colcon_core.environment:checking '/home/mintji/ros2_foxy/install/ros_rclpy_package_msgs/lib/pkgconfig/ros_rclpy_package_msgs.pc'
[1.233s] Level 1:colcon.colcon_core.environment:checking '/home/mintji/ros2_foxy/install/ros_rclpy_package_msgs/lib/python3.8/site-packages'
[1.234s] Level 1:colcon.colcon_core.shell:create_environment_hook('ros_rclpy_package_msgs', 'pythonpath')
[1.235s] INFO:colcon.colcon_core.shell:Creating environment hook '/home/mintji/ros2_foxy/install/ros_rclpy_package_msgs/share/ros_rclpy_package_msgs/hook/pythonpath.ps1'
[1.236s] INFO:colcon.colcon_core.shell:Creating environment descriptor '/home/mintji/ros2_foxy/install/ros_rclpy_package_msgs/share/ros_rclpy_package_msgs/hook/pythonpath.dsv'
[1.236s] INFO:colcon.colcon_core.shell:Creating environment hook '/home/mintji/ros2_foxy/install/ros_rclpy_package_msgs/share/ros_rclpy_package_msgs/hook/pythonpath.sh'
[1.237s] Level 1:colcon.colcon_core.environment:checking '/home/mintji/ros2_foxy/install/ros_rclpy_package_msgs/bin'
[1.239s] INFO:colcon.colcon_core.shell:Creating package script '/home/mintji/ros2_foxy/install/ros_rclpy_package_msgs/share/ros_rclpy_package_msgs/package.ps1'
[1.240s] INFO:colcon.colcon_core.shell:Creating package descriptor '/home/mintji/ros2_foxy/install/ros_rclpy_package_msgs/share/ros_rclpy_package_msgs/package.dsv'
[1.241s] INFO:colcon.colcon_core.shell:Creating package script '/home/mintji/ros2_foxy/install/ros_rclpy_package_msgs/share/ros_rclpy_package_msgs/package.sh'
[1.241s] INFO:colcon.colcon_core.shell:Creating package script '/home/mintji/ros2_foxy/install/ros_rclpy_package_msgs/share/ros_rclpy_package_msgs/package.bash'
[1.242s] INFO:colcon.colcon_core.shell:Creating package script '/home/mintji/ros2_foxy/install/ros_rclpy_package_msgs/share/ros_rclpy_package_msgs/package.zsh'
[1.243s] Level 1:colcon.colcon_core.environment:create_file_with_runtime_dependencies(/home/mintji/ros2_foxy/install/ros_rclpy_package_msgs/share/colcon-core/packages/ros_rclpy_package_msgs)
[1.525s] Level 1:colcon.colcon_core.environment:checking '/home/mintji/ros2_foxy/install/ros_rclpy_package' for CMake module files
[1.526s] DEBUG:colcon.colcon_core.event_handler.log_command:Invoked command in '/home/mintji/ros2_foxy/src/ros_rclpy_package' returned '0': PYTHONPATH=/home/mintji/ros2_foxy/build/ros_rclpy_package/prefix_override:/home/mintji/ros2_foxy/install/ros_rclpy_package/lib/python3.8/site-packages:${PYTHONPATH} /usr/bin/python3 setup.py egg_info --egg-base ../../build/ros_rclpy_package build --build-base /home/mintji/ros2_foxy/build/ros_rclpy_package/build install --record /home/mintji/ros2_foxy/build/ros_rclpy_package/install.log --install-scripts $base/lib/ros_rclpy_package --single-version-externally-managed
[1.528s] Level 1:colcon.colcon_core.environment:checking '/home/mintji/ros2_foxy/install/ros_rclpy_package' for CMake config files
[1.529s] Level 1:colcon.colcon_core.environment:checking '/home/mintji/ros2_foxy/install/ros_rclpy_package/lib'
[1.530s] Level 1:colcon.colcon_core.environment:checking '/home/mintji/ros2_foxy/install/ros_rclpy_package/bin'
[1.530s] Level 1:colcon.colcon_core.environment:checking '/home/mintji/ros2_foxy/install/ros_rclpy_package/lib/pkgconfig/ros_rclpy_package.pc'
[1.530s] Level 1:colcon.colcon_core.environment:checking '/home/mintji/ros2_foxy/install/ros_rclpy_package/lib/python3.8/site-packages'
[1.530s] Level 1:colcon.colcon_core.shell:create_environment_hook('ros_rclpy_package', 'pythonpath')
[1.532s] INFO:colcon.colcon_core.shell:Creating environment hook '/home/mintji/ros2_foxy/install/ros_rclpy_package/share/ros_rclpy_package/hook/pythonpath.ps1'
[1.533s] INFO:colcon.colcon_core.shell:Creating environment descriptor '/home/mintji/ros2_foxy/install/ros_rclpy_package/share/ros_rclpy_package/hook/pythonpath.dsv'
[1.533s] INFO:colcon.colcon_core.shell:Creating environment hook '/home/mintji/ros2_foxy/install/ros_rclpy_package/share/ros_rclpy_package/hook/pythonpath.sh'
[1.534s] Level 1:colcon.colcon_core.environment:checking '/home/mintji/ros2_foxy/install/ros_rclpy_package/bin'
[1.534s] Level 1:colcon.colcon_core.environment:create_environment_scripts_only(ros_rclpy_package)
[1.536s] INFO:colcon.colcon_core.shell:Creating package script '/home/mintji/ros2_foxy/install/ros_rclpy_package/share/ros_rclpy_package/package.ps1'
[1.537s] INFO:colcon.colcon_core.shell:Creating package descriptor '/home/mintji/ros2_foxy/install/ros_rclpy_package/share/ros_rclpy_package/package.dsv'
[1.538s] INFO:colcon.colcon_core.shell:Creating package script '/home/mintji/ros2_foxy/install/ros_rclpy_package/share/ros_rclpy_package/package.sh'
[1.539s] INFO:colcon.colcon_core.shell:Creating package script '/home/mintji/ros2_foxy/install/ros_rclpy_package/share/ros_rclpy_package/package.bash'
[1.540s] INFO:colcon.colcon_core.shell:Creating package script '/home/mintji/ros2_foxy/install/ros_rclpy_package/share/ros_rclpy_package/package.zsh'
[1.540s] Level 1:colcon.colcon_core.environment:create_file_with_runtime_dependencies(/home/mintji/ros2_foxy/install/ros_rclpy_package/share/colcon-core/packages/ros_rclpy_package)
[1.541s] DEBUG:colcon.colcon_parallel_executor.executor.parallel:closing loop
[1.542s] DEBUG:colcon.colcon_parallel_executor.executor.parallel:loop closed
[1.542s] DEBUG:colcon.colcon_parallel_executor.executor.parallel:run_until_complete finished with '0'
[1.543s] DEBUG:colcon.colcon_core.event_reactor:joining thread
[1.548s] INFO:colcon.colcon_core.plugin_system:Skipping extension 'colcon_notification.desktop_notification.terminal_notifier': Not used on non-Darwin systems
[1.549s] INFO:colcon.colcon_core.plugin_system:Skipping extension 'colcon_notification.desktop_notification.win32': Not used on non-Windows systems
[1.549s] INFO:colcon.colcon_notification.desktop_notification:Sending desktop notification using 'notify2'
[1.587s] DEBUG:colcon.colcon_core.event_reactor:joined thread
[1.589s] INFO:colcon.colcon_core.shell:Creating prefix script '/home/mintji/ros2_foxy/install/local_setup.ps1'
[1.591s] INFO:colcon.colcon_core.shell:Creating prefix util module '/home/mintji/ros2_foxy/install/_local_setup_util_ps1.py'
[1.593s] INFO:colcon.colcon_core.shell:Creating prefix chain script '/home/mintji/ros2_foxy/install/setup.ps1'
[1.596s] INFO:colcon.colcon_core.shell:Creating prefix script '/home/mintji/ros2_foxy/install/local_setup.sh'
[1.597s] INFO:colcon.colcon_core.shell:Creating prefix util module '/home/mintji/ros2_foxy/install/_local_setup_util_sh.py'
[1.598s] INFO:colcon.colcon_core.shell:Creating prefix chain script '/home/mintji/ros2_foxy/install/setup.sh'
[1.600s] INFO:colcon.colcon_core.shell:Creating prefix script '/home/mintji/ros2_foxy/install/local_setup.bash'
[1.601s] INFO:colcon.colcon_core.shell:Creating prefix chain script '/home/mintji/ros2_foxy/install/setup.bash'
[1.604s] INFO:colcon.colcon_core.shell:Creating prefix script '/home/mintji/ros2_foxy/install/local_setup.zsh'
[1.606s] INFO:colcon.colcon_core.shell:Creating prefix chain script '/home/mintji/ros2_foxy/install/setup.zsh'
