[0.771s] Invoking command in '/home/mintji/ros2_foxy/src/ros_rclpy_package': PYTHONPATH=/home/mintji/ros2_foxy/build/ros_rclpy_package/prefix_override:/home/mintji/ros2_foxy/install/ros_rclpy_package/lib/python3.8/site-packages:${PYTHONPATH} /usr/bin/python3 setup.py egg_info --egg-base ../../build/ros_rclpy_package build --build-base /home/mintji/ros2_foxy/build/ros_rclpy_package/build install --record /home/mintji/ros2_foxy/build/ros_rclpy_package/install.log --install-scripts $base/lib/ros_rclpy_package --single-version-externally-managed
[0.977s] running egg_info
[0.978s] writing ../../build/ros_rclpy_package/ros_rclpy_package.egg-info/PKG-INFO
[0.979s] writing dependency_links to ../../build/ros_rclpy_package/ros_rclpy_package.egg-info/dependency_links.txt
[0.979s] writing entry points to ../../build/ros_rclpy_package/ros_rclpy_package.egg-info/entry_points.txt
[0.980s] writing requirements to ../../build/ros_rclpy_package/ros_rclpy_package.egg-info/requires.txt
[0.980s] writing top-level names to ../../build/ros_rclpy_package/ros_rclpy_package.egg-info/top_level.txt
[1.018s] reading manifest file '../../build/ros_rclpy_package/ros_rclpy_package.egg-info/SOURCES.txt'
[1.018s] writing manifest file '../../build/ros_rclpy_package/ros_rclpy_package.egg-info/SOURCES.txt'
[1.019s] running build
[1.019s] running build_py
[1.019s] copying ros_rclpy_package/my_service_server.py -> /home/mintji/ros2_foxy/build/ros_rclpy_package/build/lib/ros_rclpy_package
[1.020s] running install
[1.020s] running install_lib
[1.021s] copying /home/mintji/ros2_foxy/build/ros_rclpy_package/build/lib/ros_rclpy_package/my_service_server.py -> /home/mintji/ros2_foxy/install/ros_rclpy_package/lib/python3.8/site-packages/ros_rclpy_package
[1.022s] byte-compiling /home/mintji/ros2_foxy/install/ros_rclpy_package/lib/python3.8/site-packages/ros_rclpy_package/my_service_server.py to my_service_server.cpython-38.pyc
[1.024s] running install_data
[1.025s] running install_egg_info
[1.028s] removing '/home/mintji/ros2_foxy/install/ros_rclpy_package/lib/python3.8/site-packages/ros_rclpy_package-0.0.0-py3.8.egg-info' (and everything under it)
[1.029s] Copying ../../build/ros_rclpy_package/ros_rclpy_package.egg-info to /home/mintji/ros2_foxy/install/ros_rclpy_package/lib/python3.8/site-packages/ros_rclpy_package-0.0.0-py3.8.egg-info
[1.029s] running install_scripts
[1.051s] Installing my_first_node script to /home/mintji/ros2_foxy/install/ros_rclpy_package/lib/ros_rclpy_package
[1.051s] Installing my_publisher script to /home/mintji/ros2_foxy/install/ros_rclpy_package/lib/ros_rclpy_package
[1.052s] Installing my_service_server script to /home/mintji/ros2_foxy/install/ros_rclpy_package/lib/ros_rclpy_package
[1.052s] writing list of installed files to '/home/mintji/ros2_foxy/build/ros_rclpy_package/install.log'
[1.108s] Invoked command in '/home/mintji/ros2_foxy/src/ros_rclpy_package' returned '0': PYTHONPATH=/home/mintji/ros2_foxy/build/ros_rclpy_package/prefix_override:/home/mintji/ros2_foxy/install/ros_rclpy_package/lib/python3.8/site-packages:${PYTHONPATH} /usr/bin/python3 setup.py egg_info --egg-base ../../build/ros_rclpy_package build --build-base /home/mintji/ros2_foxy/build/ros_rclpy_package/build install --record /home/mintji/ros2_foxy/build/ros_rclpy_package/install.log --install-scripts $base/lib/ros_rclpy_package --single-version-externally-managed
