-- Found ament_cmake: 0.9.12 (/opt/ros/foxy/share/ament_cmake/cmake)
-- Using PYTHON_EXECUTABLE: /usr/bin/python3
-- Found rosidl_default_generators: 1.0.1 (/opt/ros/foxy/share/rosidl_default_generators/cmake)
-- Using all available rosidl_typesupport_c: rosidl_typesupport_fastrtps_c;rosidl_typesupport_introspection_c
-- Found rosidl_adapter: 1.3.1 (/opt/ros/foxy/share/rosidl_adapter/cmake)
-- Found OpenSSL: /usr/lib/x86_64-linux-gnu/libcrypto.so (found version "1.1.1f")  
-- Found FastRTPS: /opt/ros/foxy/include  
-- Using all available rosidl_typesupport_cpp: rosidl_typesupport_fastrtps_cpp;rosidl_typesupport_introspection_cpp
-- Found PythonInterp: /usr/bin/python3 (found version "3.8.10") 
-- Found ament_cmake_ros: 0.9.2 (/opt/ros/foxy/share/ament_cmake_ros/cmake)
-- Using all available rosidl_typesupport_c: rosidl_typesupport_fastrtps_c;rosidl_typesupport_introspection_c
-- Using all available rosidl_typesupport_cpp: rosidl_typesupport_fastrtps_cpp;rosidl_typesupport_introspection_cpp
-- Found PythonInterp: /usr/bin/python3 (found suitable version "3.8.10", minimum required is "3.5") 
-- Found python_cmake_module: 0.8.1 (/opt/ros/foxy/share/python_cmake_module/cmake)
-- Found PythonLibs: /usr/lib/x86_64-linux-gnu/libpython3.8.so (found suitable version "3.8.10", minimum required is "3.5") 
-- Using PYTHON_EXECUTABLE: /usr/bin/python3
-- Using PYTHON_INCLUDE_DIRS: /usr/include/python3.8
-- Using PYTHON_LIBRARIES: /usr/lib/x86_64-linux-gnu/libpython3.8.so
-- Found PythonExtra: .so  
-- Found ament_lint_auto: 0.9.8 (/opt/ros/foxy/share/ament_lint_auto/cmake)
-- Added test 'copyright' to check source files copyright and LICENSE
-- Added test 'lint_cmake' to check CMake code style
-- Added test 'xmllint' to check XML markup files
-- Configuring done
-- Generating done
-- Build files have been written to: /home/mintji/ros2_foxy/build/ros_rclpy_package_msgs
[  3%] [34m[1mGenerating C code for ROS interfaces[0m
[35m[1mScanning dependencies of target ros_rclpy_package_msgs__cpp[0m
[  6%] [34m[1mGenerating C++ code for ROS interfaces[0m
[  6%] Built target ros_rclpy_package_msgs__cpp
[  9%] [34m[1mGenerating C++ type support dispatch for ROS interfaces[0m
[ 16%] [34m[1mGenerating C++ introspection for ROS interfaces[0m
[ 16%] [34m[1mGenerating C++ type support for eProsima Fast-RTPS[0m
[35m[1mScanning dependencies of target ros_rclpy_package_msgs__rosidl_generator_c[0m
[ 19%] [32mBuilding C object CMakeFiles/ros_rclpy_package_msgs__rosidl_generator_c.dir/rosidl_generator_c/ros_rclpy_package_msgs/srv/detail/multi_spawn__functions.c.o[0m
[ 22%] [32m[1mLinking C shared library libros_rclpy_package_msgs__rosidl_generator_c.so[0m
[ 22%] Built target ros_rclpy_package_msgs__rosidl_generator_c
[ 25%] [34m[1mGenerating C introspection for ROS interfaces[0m
[ 29%] [34m[1mGenerating C type support dispatch for ROS interfaces[0m
[35m[1mScanning dependencies of target ros_rclpy_package_msgs__rosidl_typesupport_cpp[0m
[35m[1mScanning dependencies of target ros_rclpy_package_msgs__rosidl_typesupport_introspection_cpp[0m
[ 32%] [32mBuilding CXX object CMakeFiles/ros_rclpy_package_msgs__rosidl_typesupport_introspection_cpp.dir/rosidl_typesupport_introspection_cpp/ros_rclpy_package_msgs/srv/detail/multi_spawn__type_support.cpp.o[0m
[ 35%] [32mBuilding CXX object CMakeFiles/ros_rclpy_package_msgs__rosidl_typesupport_cpp.dir/rosidl_typesupport_cpp/ros_rclpy_package_msgs/srv/multi_spawn__type_support.cpp.o[0m
[35m[1mScanning dependencies of target ros_rclpy_package_msgs__rosidl_typesupport_fastrtps_cpp[0m
[ 38%] [32mBuilding CXX object CMakeFiles/ros_rclpy_package_msgs__rosidl_typesupport_fastrtps_cpp.dir/rosidl_typesupport_fastrtps_cpp/ros_rclpy_package_msgs/srv/detail/dds_fastrtps/multi_spawn__type_support.cpp.o[0m
[35m[1mScanning dependencies of target ros_rclpy_package_msgs__rosidl_typesupport_introspection_c[0m
[35m[1mScanning dependencies of target ros_rclpy_package_msgs__rosidl_typesupport_c[0m
[ 41%] [32mBuilding CXX object CMakeFiles/ros_rclpy_package_msgs__rosidl_typesupport_c.dir/rosidl_typesupport_c/ros_rclpy_package_msgs/srv/multi_spawn__type_support.cpp.o[0m
[ 45%] [32mBuilding C object CMakeFiles/ros_rclpy_package_msgs__rosidl_typesupport_introspection_c.dir/rosidl_typesupport_introspection_c/ros_rclpy_package_msgs/srv/detail/multi_spawn__type_support.c.o[0m
[ 48%] [32m[1mLinking CXX shared library libros_rclpy_package_msgs__rosidl_typesupport_c.so[0m
[ 51%] [32m[1mLinking C shared library libros_rclpy_package_msgs__rosidl_typesupport_introspection_c.so[0m
[ 51%] Built target ros_rclpy_package_msgs__rosidl_typesupport_introspection_c
[ 51%] Built target ros_rclpy_package_msgs__rosidl_typesupport_c
[ 54%] [32m[1mLinking CXX shared library libros_rclpy_package_msgs__rosidl_typesupport_cpp.so[0m
[ 58%] [32m[1mLinking CXX shared library libros_rclpy_package_msgs__rosidl_typesupport_introspection_cpp.so[0m
[ 58%] Built target ros_rclpy_package_msgs__rosidl_typesupport_cpp
[ 58%] Built target ros_rclpy_package_msgs__rosidl_typesupport_introspection_cpp
[ 61%] [32m[1mLinking CXX shared library libros_rclpy_package_msgs__rosidl_typesupport_fastrtps_cpp.so[0m
[ 61%] Built target ros_rclpy_package_msgs__rosidl_typesupport_fastrtps_cpp
[ 64%] [34m[1mGenerating C type support for eProsima Fast-RTPS[0m
[35m[1mScanning dependencies of target ros_rclpy_package_msgs__rosidl_typesupport_fastrtps_c[0m
[ 67%] [32mBuilding CXX object CMakeFiles/ros_rclpy_package_msgs__rosidl_typesupport_fastrtps_c.dir/rosidl_typesupport_fastrtps_c/ros_rclpy_package_msgs/srv/detail/multi_spawn__type_support_c.cpp.o[0m
[ 70%] [32m[1mLinking CXX shared library libros_rclpy_package_msgs__rosidl_typesupport_fastrtps_c.so[0m
[ 70%] Built target ros_rclpy_package_msgs__rosidl_typesupport_fastrtps_c
[35m[1mScanning dependencies of target ros_rclpy_package_msgs[0m
[ 70%] Built target ros_rclpy_package_msgs
[35m[1mScanning dependencies of target ros_rclpy_package_msgs__py[0m
[ 74%] [34m[1mGenerating Python code for ROS interfaces[0m
[ 74%] Built target ros_rclpy_package_msgs__py
[35m[1mScanning dependencies of target ros_rclpy_package_msgs__python[0m
[ 77%] [32mBuilding C object CMakeFiles/ros_rclpy_package_msgs__python.dir/rosidl_generator_py/ros_rclpy_package_msgs/srv/_multi_spawn_s.c.o[0m
[ 80%] [32m[1mLinking C shared library rosidl_generator_py/ros_rclpy_package_msgs/libros_rclpy_package_msgs__python.so[0m
[ 80%] Built target ros_rclpy_package_msgs__python
[35m[1mScanning dependencies of target ros_rclpy_package_msgs__rosidl_typesupport_c__pyext[0m
[35m[1mScanning dependencies of target ros_rclpy_package_msgs__rosidl_typesupport_introspection_c__pyext[0m
[35m[1mScanning dependencies of target ros_rclpy_package_msgs__rosidl_typesupport_fastrtps_c__pyext[0m
[ 83%] [32mBuilding C object CMakeFiles/ros_rclpy_package_msgs__rosidl_typesupport_c__pyext.dir/rosidl_generator_py/ros_rclpy_package_msgs/_ros_rclpy_package_msgs_s.ep.rosidl_typesupport_c.c.o[0m
[ 90%] [32mBuilding C object CMakeFiles/ros_rclpy_package_msgs__rosidl_typesupport_introspection_c__pyext.dir/rosidl_generator_py/ros_rclpy_package_msgs/_ros_rclpy_package_msgs_s.ep.rosidl_typesupport_introspection_c.c.o[0m
[ 90%] [32mBuilding C object CMakeFiles/ros_rclpy_package_msgs__rosidl_typesupport_fastrtps_c__pyext.dir/rosidl_generator_py/ros_rclpy_package_msgs/_ros_rclpy_package_msgs_s.ep.rosidl_typesupport_fastrtps_c.c.o[0m
[ 93%] [32m[1mLinking C shared library rosidl_generator_py/ros_rclpy_package_msgs/ros_rclpy_package_msgs_s__rosidl_typesupport_c.cpython-38-x86_64-linux-gnu.so[0m
[ 96%] [32m[1mLinking C shared library rosidl_generator_py/ros_rclpy_package_msgs/ros_rclpy_package_msgs_s__rosidl_typesupport_introspection_c.cpython-38-x86_64-linux-gnu.so[0m
[100%] [32m[1mLinking CXX shared library rosidl_generator_py/ros_rclpy_package_msgs/ros_rclpy_package_msgs_s__rosidl_typesupport_fastrtps_c.cpython-38-x86_64-linux-gnu.so[0m
[100%] Built target ros_rclpy_package_msgs__rosidl_typesupport_c__pyext
[100%] Built target ros_rclpy_package_msgs__rosidl_typesupport_introspection_c__pyext
[100%] Built target ros_rclpy_package_msgs__rosidl_typesupport_fastrtps_c__pyext
-- Install configuration: ""
-- Installing: /home/mintji/ros2_foxy/install/ros_rclpy_package_msgs/share/ament_index/resource_index/rosidl_interfaces/ros_rclpy_package_msgs
-- Installing: /home/mintji/ros2_foxy/install/ros_rclpy_package_msgs/include/ros_rclpy_package_msgs
-- Installing: /home/mintji/ros2_foxy/install/ros_rclpy_package_msgs/include/ros_rclpy_package_msgs/msg
-- Installing: /home/mintji/ros2_foxy/install/ros_rclpy_package_msgs/include/ros_rclpy_package_msgs/msg/rosidl_generator_c__visibility_control.h
-- Installing: /home/mintji/ros2_foxy/install/ros_rclpy_package_msgs/include/ros_rclpy_package_msgs/srv
-- Installing: /home/mintji/ros2_foxy/install/ros_rclpy_package_msgs/include/ros_rclpy_package_msgs/srv/multi_spawn.h
-- Installing: /home/mintji/ros2_foxy/install/ros_rclpy_package_msgs/include/ros_rclpy_package_msgs/srv/detail
-- Installing: /home/mintji/ros2_foxy/install/ros_rclpy_package_msgs/include/ros_rclpy_package_msgs/srv/detail/multi_spawn__functions.h
-- Installing: /home/mintji/ros2_foxy/install/ros_rclpy_package_msgs/include/ros_rclpy_package_msgs/srv/detail/multi_spawn__type_support.h
-- Installing: /home/mintji/ros2_foxy/install/ros_rclpy_package_msgs/include/ros_rclpy_package_msgs/srv/detail/multi_spawn__struct.h
-- Installing: /home/mintji/ros2_foxy/install/ros_rclpy_package_msgs/include/ros_rclpy_package_msgs/srv/detail/multi_spawn__functions.c
-- Installing: /home/mintji/ros2_foxy/install/ros_rclpy_package_msgs/share/ros_rclpy_package_msgs/environment/library_path.sh
-- Installing: /home/mintji/ros2_foxy/install/ros_rclpy_package_msgs/share/ros_rclpy_package_msgs/environment/library_path.dsv
-- Installing: /home/mintji/ros2_foxy/install/ros_rclpy_package_msgs/lib/libros_rclpy_package_msgs__rosidl_generator_c.so
-- Set runtime path of "/home/mintji/ros2_foxy/install/ros_rclpy_package_msgs/lib/libros_rclpy_package_msgs__rosidl_generator_c.so" to ""
-- Up-to-date: /home/mintji/ros2_foxy/install/ros_rclpy_package_msgs/include/ros_rclpy_package_msgs
-- Up-to-date: /home/mintji/ros2_foxy/install/ros_rclpy_package_msgs/include/ros_rclpy_package_msgs/msg
-- Installing: /home/mintji/ros2_foxy/install/ros_rclpy_package_msgs/include/ros_rclpy_package_msgs/msg/rosidl_typesupport_fastrtps_c__visibility_control.h
-- Up-to-date: /home/mintji/ros2_foxy/install/ros_rclpy_package_msgs/include/ros_rclpy_package_msgs/srv
-- Up-to-date: /home/mintji/ros2_foxy/install/ros_rclpy_package_msgs/include/ros_rclpy_package_msgs/srv/detail
-- Installing: /home/mintji/ros2_foxy/install/ros_rclpy_package_msgs/include/ros_rclpy_package_msgs/srv/detail/multi_spawn__rosidl_typesupport_fastrtps_c.h
-- Installing: /home/mintji/ros2_foxy/install/ros_rclpy_package_msgs/lib/libros_rclpy_package_msgs__rosidl_typesupport_fastrtps_c.so
-- Set runtime path of "/home/mintji/ros2_foxy/install/ros_rclpy_package_msgs/lib/libros_rclpy_package_msgs__rosidl_typesupport_fastrtps_c.so" to ""
-- Up-to-date: /home/mintji/ros2_foxy/install/ros_rclpy_package_msgs/include/ros_rclpy_package_msgs
-- Up-to-date: /home/mintji/ros2_foxy/install/ros_rclpy_package_msgs/include/ros_rclpy_package_msgs/msg
-- Installing: /home/mintji/ros2_foxy/install/ros_rclpy_package_msgs/include/ros_rclpy_package_msgs/msg/rosidl_typesupport_fastrtps_cpp__visibility_control.h
-- Up-to-date: /home/mintji/ros2_foxy/install/ros_rclpy_package_msgs/include/ros_rclpy_package_msgs/srv
-- Up-to-date: /home/mintji/ros2_foxy/install/ros_rclpy_package_msgs/include/ros_rclpy_package_msgs/srv/detail
-- Installing: /home/mintji/ros2_foxy/install/ros_rclpy_package_msgs/include/ros_rclpy_package_msgs/srv/detail/multi_spawn__rosidl_typesupport_fastrtps_cpp.hpp
-- Installing: /home/mintji/ros2_foxy/install/ros_rclpy_package_msgs/include/ros_rclpy_package_msgs/srv/detail/dds_fastrtps
-- Installing: /home/mintji/ros2_foxy/install/ros_rclpy_package_msgs/lib/libros_rclpy_package_msgs__rosidl_typesupport_fastrtps_cpp.so
-- Set runtime path of "/home/mintji/ros2_foxy/install/ros_rclpy_package_msgs/lib/libros_rclpy_package_msgs__rosidl_typesupport_fastrtps_cpp.so" to ""
-- Up-to-date: /home/mintji/ros2_foxy/install/ros_rclpy_package_msgs/include/ros_rclpy_package_msgs
-- Up-to-date: /home/mintji/ros2_foxy/install/ros_rclpy_package_msgs/include/ros_rclpy_package_msgs/msg
-- Installing: /home/mintji/ros2_foxy/install/ros_rclpy_package_msgs/include/ros_rclpy_package_msgs/msg/rosidl_typesupport_introspection_c__visibility_control.h
-- Up-to-date: /home/mintji/ros2_foxy/install/ros_rclpy_package_msgs/include/ros_rclpy_package_msgs/srv
-- Up-to-date: /home/mintji/ros2_foxy/install/ros_rclpy_package_msgs/include/ros_rclpy_package_msgs/srv/detail
-- Installing: /home/mintji/ros2_foxy/install/ros_rclpy_package_msgs/include/ros_rclpy_package_msgs/srv/detail/multi_spawn__type_support.c
-- Installing: /home/mintji/ros2_foxy/install/ros_rclpy_package_msgs/include/ros_rclpy_package_msgs/srv/detail/multi_spawn__rosidl_typesupport_introspection_c.h
-- Installing: /home/mintji/ros2_foxy/install/ros_rclpy_package_msgs/lib/libros_rclpy_package_msgs__rosidl_typesupport_introspection_c.so
-- Set runtime path of "/home/mintji/ros2_foxy/install/ros_rclpy_package_msgs/lib/libros_rclpy_package_msgs__rosidl_typesupport_introspection_c.so" to ""
-- Installing: /home/mintji/ros2_foxy/install/ros_rclpy_package_msgs/lib/libros_rclpy_package_msgs__rosidl_typesupport_c.so
-- Set runtime path of "/home/mintji/ros2_foxy/install/ros_rclpy_package_msgs/lib/libros_rclpy_package_msgs__rosidl_typesupport_c.so" to ""
-- Up-to-date: /home/mintji/ros2_foxy/install/ros_rclpy_package_msgs/include/ros_rclpy_package_msgs
-- Up-to-date: /home/mintji/ros2_foxy/install/ros_rclpy_package_msgs/include/ros_rclpy_package_msgs/msg
-- Installing: /home/mintji/ros2_foxy/install/ros_rclpy_package_msgs/include/ros_rclpy_package_msgs/msg/rosidl_generator_cpp__visibility_control.hpp
-- Up-to-date: /home/mintji/ros2_foxy/install/ros_rclpy_package_msgs/include/ros_rclpy_package_msgs/srv
-- Installing: /home/mintji/ros2_foxy/install/ros_rclpy_package_msgs/include/ros_rclpy_package_msgs/srv/multi_spawn.hpp
-- Up-to-date: /home/mintji/ros2_foxy/install/ros_rclpy_package_msgs/include/ros_rclpy_package_msgs/srv/detail
-- Installing: /home/mintji/ros2_foxy/install/ros_rclpy_package_msgs/include/ros_rclpy_package_msgs/srv/detail/multi_spawn__struct.hpp
-- Installing: /home/mintji/ros2_foxy/install/ros_rclpy_package_msgs/include/ros_rclpy_package_msgs/srv/detail/multi_spawn__builder.hpp
-- Installing: /home/mintji/ros2_foxy/install/ros_rclpy_package_msgs/include/ros_rclpy_package_msgs/srv/detail/multi_spawn__traits.hpp
-- Installing: /home/mintji/ros2_foxy/install/ros_rclpy_package_msgs/include/ros_rclpy_package_msgs/srv/detail/multi_spawn__type_support.hpp
-- Up-to-date: /home/mintji/ros2_foxy/install/ros_rclpy_package_msgs/include/ros_rclpy_package_msgs
-- Up-to-date: /home/mintji/ros2_foxy/install/ros_rclpy_package_msgs/include/ros_rclpy_package_msgs/srv
-- Up-to-date: /home/mintji/ros2_foxy/install/ros_rclpy_package_msgs/include/ros_rclpy_package_msgs/srv/detail
-- Installing: /home/mintji/ros2_foxy/install/ros_rclpy_package_msgs/include/ros_rclpy_package_msgs/srv/detail/multi_spawn__rosidl_typesupport_introspection_cpp.hpp
-- Installing: /home/mintji/ros2_foxy/install/ros_rclpy_package_msgs/include/ros_rclpy_package_msgs/srv/detail/multi_spawn__type_support.cpp
-- Installing: /home/mintji/ros2_foxy/install/ros_rclpy_package_msgs/lib/libros_rclpy_package_msgs__rosidl_typesupport_introspection_cpp.so
-- Set runtime path of "/home/mintji/ros2_foxy/install/ros_rclpy_package_msgs/lib/libros_rclpy_package_msgs__rosidl_typesupport_introspection_cpp.so" to ""
-- Installing: /home/mintji/ros2_foxy/install/ros_rclpy_package_msgs/lib/libros_rclpy_package_msgs__rosidl_typesupport_cpp.so
-- Set runtime path of "/home/mintji/ros2_foxy/install/ros_rclpy_package_msgs/lib/libros_rclpy_package_msgs__rosidl_typesupport_cpp.so" to ""
-- Installing: /home/mintji/ros2_foxy/install/ros_rclpy_package_msgs/share/ros_rclpy_package_msgs/environment/pythonpath.sh
-- Installing: /home/mintji/ros2_foxy/install/ros_rclpy_package_msgs/share/ros_rclpy_package_msgs/environment/pythonpath.dsv
-- Installing: /home/mintji/ros2_foxy/install/ros_rclpy_package_msgs/lib/python3.8/site-packages/ros_rclpy_package_msgs/__init__.py
Compiling '/home/mintji/ros2_foxy/install/ros_rclpy_package_msgs/lib/python3.8/site-packages/ros_rclpy_package_msgs/__init__.py'...
-- Installing: /home/mintji/ros2_foxy/install/ros_rclpy_package_msgs/lib/python3.8/site-packages/ros_rclpy_package_msgs/srv
-- Installing: /home/mintji/ros2_foxy/install/ros_rclpy_package_msgs/lib/python3.8/site-packages/ros_rclpy_package_msgs/srv/_multi_spawn.py
-- Installing: /home/mintji/ros2_foxy/install/ros_rclpy_package_msgs/lib/python3.8/site-packages/ros_rclpy_package_msgs/srv/_multi_spawn_s.c
-- Installing: /home/mintji/ros2_foxy/install/ros_rclpy_package_msgs/lib/python3.8/site-packages/ros_rclpy_package_msgs/srv/__init__.py
-- Installing: /home/mintji/ros2_foxy/install/ros_rclpy_package_msgs/lib/python3.8/site-packages/ros_rclpy_package_msgs/ros_rclpy_package_msgs_s__rosidl_typesupport_fastrtps_c.cpython-38-x86_64-linux-gnu.so
-- Set runtime path of "/home/mintji/ros2_foxy/install/ros_rclpy_package_msgs/lib/python3.8/site-packages/ros_rclpy_package_msgs/ros_rclpy_package_msgs_s__rosidl_typesupport_fastrtps_c.cpython-38-x86_64-linux-gnu.so" to ""
-- Installing: /home/mintji/ros2_foxy/install/ros_rclpy_package_msgs/lib/python3.8/site-packages/ros_rclpy_package_msgs/ros_rclpy_package_msgs_s__rosidl_typesupport_introspection_c.cpython-38-x86_64-linux-gnu.so
-- Set runtime path of "/home/mintji/ros2_foxy/install/ros_rclpy_package_msgs/lib/python3.8/site-packages/ros_rclpy_package_msgs/ros_rclpy_package_msgs_s__rosidl_typesupport_introspection_c.cpython-38-x86_64-linux-gnu.so" to ""
-- Installing: /home/mintji/ros2_foxy/install/ros_rclpy_package_msgs/lib/python3.8/site-packages/ros_rclpy_package_msgs/ros_rclpy_package_msgs_s__rosidl_typesupport_c.cpython-38-x86_64-linux-gnu.so
-- Set runtime path of "/home/mintji/ros2_foxy/install/ros_rclpy_package_msgs/lib/python3.8/site-packages/ros_rclpy_package_msgs/ros_rclpy_package_msgs_s__rosidl_typesupport_c.cpython-38-x86_64-linux-gnu.so" to ""
-- Installing: /home/mintji/ros2_foxy/install/ros_rclpy_package_msgs/lib/libros_rclpy_package_msgs__python.so
-- Set runtime path of "/home/mintji/ros2_foxy/install/ros_rclpy_package_msgs/lib/libros_rclpy_package_msgs__python.so" to ""
-- Installing: /home/mintji/ros2_foxy/install/ros_rclpy_package_msgs/share/ros_rclpy_package_msgs/srv/MultiSpawn.idl
-- Installing: /home/mintji/ros2_foxy/install/ros_rclpy_package_msgs/share/ros_rclpy_package_msgs/srv/MultiSpawn.srv
-- Installing: /home/mintji/ros2_foxy/install/ros_rclpy_package_msgs/share/ros_rclpy_package_msgs/srv/MultiSpawn_Request.msg
-- Installing: /home/mintji/ros2_foxy/install/ros_rclpy_package_msgs/share/ros_rclpy_package_msgs/srv/MultiSpawn_Response.msg
-- Installing: /home/mintji/ros2_foxy/install/ros_rclpy_package_msgs/share/ament_index/resource_index/package_run_dependencies/ros_rclpy_package_msgs
-- Installing: /home/mintji/ros2_foxy/install/ros_rclpy_package_msgs/share/ament_index/resource_index/parent_prefix_path/ros_rclpy_package_msgs
-- Up-to-date: /home/mintji/ros2_foxy/install/ros_rclpy_package_msgs/share/ros_rclpy_package_msgs/environment/ament_prefix_path.sh
-- Installing: /home/mintji/ros2_foxy/install/ros_rclpy_package_msgs/share/ros_rclpy_package_msgs/environment/ament_prefix_path.dsv
-- Up-to-date: /home/mintji/ros2_foxy/install/ros_rclpy_package_msgs/share/ros_rclpy_package_msgs/environment/path.sh
-- Installing: /home/mintji/ros2_foxy/install/ros_rclpy_package_msgs/share/ros_rclpy_package_msgs/environment/path.dsv
-- Up-to-date: /home/mintji/ros2_foxy/install/ros_rclpy_package_msgs/share/ros_rclpy_package_msgs/local_setup.bash
-- Installing: /home/mintji/ros2_foxy/install/ros_rclpy_package_msgs/share/ros_rclpy_package_msgs/local_setup.sh
-- Up-to-date: /home/mintji/ros2_foxy/install/ros_rclpy_package_msgs/share/ros_rclpy_package_msgs/local_setup.zsh
-- Installing: /home/mintji/ros2_foxy/install/ros_rclpy_package_msgs/share/ros_rclpy_package_msgs/local_setup.dsv
-- Installing: /home/mintji/ros2_foxy/install/ros_rclpy_package_msgs/share/ros_rclpy_package_msgs/package.dsv
-- Up-to-date: /home/mintji/ros2_foxy/install/ros_rclpy_package_msgs/share/ament_index/resource_index/packages/ros_rclpy_package_msgs
-- Installing: /home/mintji/ros2_foxy/install/ros_rclpy_package_msgs/share/ros_rclpy_package_msgs/cmake/ros_rclpy_package_msgs__rosidl_generator_cExport.cmake
-- Installing: /home/mintji/ros2_foxy/install/ros_rclpy_package_msgs/share/ros_rclpy_package_msgs/cmake/ros_rclpy_package_msgs__rosidl_generator_cExport-noconfig.cmake
-- Installing: /home/mintji/ros2_foxy/install/ros_rclpy_package_msgs/share/ros_rclpy_package_msgs/cmake/ros_rclpy_package_msgs__rosidl_typesupport_introspection_cExport.cmake
-- Installing: /home/mintji/ros2_foxy/install/ros_rclpy_package_msgs/share/ros_rclpy_package_msgs/cmake/ros_rclpy_package_msgs__rosidl_typesupport_introspection_cExport-noconfig.cmake
-- Installing: /home/mintji/ros2_foxy/install/ros_rclpy_package_msgs/share/ros_rclpy_package_msgs/cmake/ros_rclpy_package_msgs__rosidl_typesupport_cExport.cmake
-- Installing: /home/mintji/ros2_foxy/install/ros_rclpy_package_msgs/share/ros_rclpy_package_msgs/cmake/ros_rclpy_package_msgs__rosidl_typesupport_cExport-noconfig.cmake
-- Installing: /home/mintji/ros2_foxy/install/ros_rclpy_package_msgs/share/ros_rclpy_package_msgs/cmake/ros_rclpy_package_msgs__rosidl_generator_cppExport.cmake
-- Installing: /home/mintji/ros2_foxy/install/ros_rclpy_package_msgs/share/ros_rclpy_package_msgs/cmake/ros_rclpy_package_msgs__rosidl_typesupport_introspection_cppExport.cmake
-- Installing: /home/mintji/ros2_foxy/install/ros_rclpy_package_msgs/share/ros_rclpy_package_msgs/cmake/ros_rclpy_package_msgs__rosidl_typesupport_introspection_cppExport-noconfig.cmake
-- Installing: /home/mintji/ros2_foxy/install/ros_rclpy_package_msgs/share/ros_rclpy_package_msgs/cmake/ros_rclpy_package_msgs__rosidl_typesupport_cppExport.cmake
-- Installing: /home/mintji/ros2_foxy/install/ros_rclpy_package_msgs/share/ros_rclpy_package_msgs/cmake/ros_rclpy_package_msgs__rosidl_typesupport_cppExport-noconfig.cmake
-- Installing: /home/mintji/ros2_foxy/install/ros_rclpy_package_msgs/share/ros_rclpy_package_msgs/cmake/rosidl_cmake-extras.cmake
-- Installing: /home/mintji/ros2_foxy/install/ros_rclpy_package_msgs/share/ros_rclpy_package_msgs/cmake/ament_cmake_export_dependencies-extras.cmake
-- Installing: /home/mintji/ros2_foxy/install/ros_rclpy_package_msgs/share/ros_rclpy_package_msgs/cmake/ament_cmake_export_libraries-extras.cmake
-- Installing: /home/mintji/ros2_foxy/install/ros_rclpy_package_msgs/share/ros_rclpy_package_msgs/cmake/ament_cmake_export_targets-extras.cmake
-- Installing: /home/mintji/ros2_foxy/install/ros_rclpy_package_msgs/share/ros_rclpy_package_msgs/cmake/ament_cmake_export_include_directories-extras.cmake
-- Installing: /home/mintji/ros2_foxy/install/ros_rclpy_package_msgs/share/ros_rclpy_package_msgs/cmake/rosidl_cmake_export_typesupport_libraries-extras.cmake
-- Installing: /home/mintji/ros2_foxy/install/ros_rclpy_package_msgs/share/ros_rclpy_package_msgs/cmake/rosidl_cmake_export_typesupport_targets-extras.cmake
-- Installing: /home/mintji/ros2_foxy/install/ros_rclpy_package_msgs/share/ros_rclpy_package_msgs/cmake/ros_rclpy_package_msgsConfig.cmake
-- Up-to-date: /home/mintji/ros2_foxy/install/ros_rclpy_package_msgs/share/ros_rclpy_package_msgs/cmake/ros_rclpy_package_msgsConfig-version.cmake
-- Installing: /home/mintji/ros2_foxy/install/ros_rclpy_package_msgs/share/ros_rclpy_package_msgs/package.xml
