[0.436s] Invoking command in '/home/mintji/ros2_foxy/build/ros_rclpy_package_msgs': CMAKE_PREFIX_PATH=${CMAKE_PREFIX_PATH}:/home/mintji/ros2_foxy/install/ros_rclpy_package:/home/mintji/ros2_study/install/my_first_rclpy_package:/opt/ros/foxy /usr/bin/cmake --build /home/mintji/ros2_foxy/build/ros_rclpy_package_msgs -- -j8 -l8
[0.523s] [  9%] Built target ros_rclpy_package_msgs__rosidl_generator_c
[0.532s] [ 12%] Built target ros_rclpy_package_msgs__cpp
[0.561s] [ 22%] Built target ros_rclpy_package_msgs__rosidl_typesupport_c
[0.562s] [ 32%] Built target ros_rclpy_package_msgs__rosidl_typesupport_introspection_c
[0.566s] [ 41%] Built target ros_rclpy_package_msgs__rosidl_typesupport_introspection_cpp
[0.568s] [ 51%] Built target ros_rclpy_package_msgs__rosidl_typesupport_cpp
[0.571s] [ 61%] Built target ros_rclpy_package_msgs__rosidl_typesupport_fastrtps_cpp
[0.617s] [ 70%] Built target ros_rclpy_package_msgs__rosidl_typesupport_fastrtps_c
[0.648s] [ 70%] Built target ros_rclpy_package_msgs
[0.680s] [ 74%] Built target ros_rclpy_package_msgs__py
[0.722s] [ 80%] Built target ros_rclpy_package_msgs__python
[0.793s] [ 87%] Built target ros_rclpy_package_msgs__rosidl_typesupport_introspection_c__pyext
[0.796s] [ 93%] Built target ros_rclpy_package_msgs__rosidl_typesupport_c__pyext
[0.806s] [100%] Built target ros_rclpy_package_msgs__rosidl_typesupport_fastrtps_c__pyext
[0.843s] Invoked command in '/home/mintji/ros2_foxy/build/ros_rclpy_package_msgs' returned '0': CMAKE_PREFIX_PATH=${CMAKE_PREFIX_PATH}:/home/mintji/ros2_foxy/install/ros_rclpy_package:/home/mintji/ros2_study/install/my_first_rclpy_package:/opt/ros/foxy /usr/bin/cmake --build /home/mintji/ros2_foxy/build/ros_rclpy_package_msgs -- -j8 -l8
[1.068s] Invoking command in '/home/mintji/ros2_foxy/build/ros_rclpy_package_msgs': CMAKE_PREFIX_PATH=${CMAKE_PREFIX_PATH}:/home/mintji/ros2_foxy/install/ros_rclpy_package:/home/mintji/ros2_study/install/my_first_rclpy_package:/opt/ros/foxy /usr/bin/cmake --install /home/mintji/ros2_foxy/build/ros_rclpy_package_msgs
[1.097s] -- Install configuration: ""
[1.098s] -- Up-to-date: /home/mintji/ros2_foxy/install/ros_rclpy_package_msgs/share/ament_index/resource_index/rosidl_interfaces/ros_rclpy_package_msgs
[1.099s] -- Up-to-date: /home/mintji/ros2_foxy/install/ros_rclpy_package_msgs/include/ros_rclpy_package_msgs
[1.100s] -- Up-to-date: /home/mintji/ros2_foxy/install/ros_rclpy_package_msgs/include/ros_rclpy_package_msgs/msg
[1.101s] -- Up-to-date: /home/mintji/ros2_foxy/install/ros_rclpy_package_msgs/include/ros_rclpy_package_msgs/msg/rosidl_generator_c__visibility_control.h
[1.101s] -- Up-to-date: /home/mintji/ros2_foxy/install/ros_rclpy_package_msgs/include/ros_rclpy_package_msgs/srv
[1.102s] -- Up-to-date: /home/mintji/ros2_foxy/install/ros_rclpy_package_msgs/include/ros_rclpy_package_msgs/srv/multi_spawn.h
[1.103s] -- Up-to-date: /home/mintji/ros2_foxy/install/ros_rclpy_package_msgs/include/ros_rclpy_package_msgs/srv/detail
[1.104s] -- Up-to-date: /home/mintji/ros2_foxy/install/ros_rclpy_package_msgs/include/ros_rclpy_package_msgs/srv/detail/multi_spawn__functions.h
[1.105s] -- Up-to-date: /home/mintji/ros2_foxy/install/ros_rclpy_package_msgs/include/ros_rclpy_package_msgs/srv/detail/multi_spawn__type_support.h
[1.105s] -- Up-to-date: /home/mintji/ros2_foxy/install/ros_rclpy_package_msgs/include/ros_rclpy_package_msgs/srv/detail/multi_spawn__struct.h
[1.106s] -- Up-to-date: /home/mintji/ros2_foxy/install/ros_rclpy_package_msgs/include/ros_rclpy_package_msgs/srv/detail/multi_spawn__functions.c
[1.106s] -- Up-to-date: /home/mintji/ros2_foxy/install/ros_rclpy_package_msgs/share/ros_rclpy_package_msgs/environment/library_path.sh
[1.107s] -- Up-to-date: /home/mintji/ros2_foxy/install/ros_rclpy_package_msgs/share/ros_rclpy_package_msgs/environment/library_path.dsv
[1.107s] -- Up-to-date: /home/mintji/ros2_foxy/install/ros_rclpy_package_msgs/lib/libros_rclpy_package_msgs__rosidl_generator_c.so
[1.107s] -- Up-to-date: /home/mintji/ros2_foxy/install/ros_rclpy_package_msgs/include/ros_rclpy_package_msgs
[1.107s] -- Up-to-date: /home/mintji/ros2_foxy/install/ros_rclpy_package_msgs/include/ros_rclpy_package_msgs/msg
[1.107s] -- Up-to-date: /home/mintji/ros2_foxy/install/ros_rclpy_package_msgs/include/ros_rclpy_package_msgs/msg/rosidl_typesupport_fastrtps_c__visibility_control.h
[1.107s] -- Up-to-date: /home/mintji/ros2_foxy/install/ros_rclpy_package_msgs/include/ros_rclpy_package_msgs/srv
[1.107s] -- Up-to-date: /home/mintji/ros2_foxy/install/ros_rclpy_package_msgs/include/ros_rclpy_package_msgs/srv/detail
[1.108s] -- Up-to-date: /home/mintji/ros2_foxy/install/ros_rclpy_package_msgs/include/ros_rclpy_package_msgs/srv/detail/multi_spawn__rosidl_typesupport_fastrtps_c.h
[1.108s] -- Up-to-date: /home/mintji/ros2_foxy/install/ros_rclpy_package_msgs/lib/libros_rclpy_package_msgs__rosidl_typesupport_fastrtps_c.so
[1.108s] -- Up-to-date: /home/mintji/ros2_foxy/install/ros_rclpy_package_msgs/include/ros_rclpy_package_msgs
[1.108s] -- Up-to-date: /home/mintji/ros2_foxy/install/ros_rclpy_package_msgs/include/ros_rclpy_package_msgs/msg
[1.108s] -- Up-to-date: /home/mintji/ros2_foxy/install/ros_rclpy_package_msgs/include/ros_rclpy_package_msgs/msg/rosidl_typesupport_fastrtps_cpp__visibility_control.h
[1.108s] -- Up-to-date: /home/mintji/ros2_foxy/install/ros_rclpy_package_msgs/include/ros_rclpy_package_msgs/srv
[1.108s] -- Up-to-date: /home/mintji/ros2_foxy/install/ros_rclpy_package_msgs/include/ros_rclpy_package_msgs/srv/detail
[1.109s] -- Up-to-date: /home/mintji/ros2_foxy/install/ros_rclpy_package_msgs/include/ros_rclpy_package_msgs/srv/detail/multi_spawn__rosidl_typesupport_fastrtps_cpp.hpp
[1.109s] -- Up-to-date: /home/mintji/ros2_foxy/install/ros_rclpy_package_msgs/include/ros_rclpy_package_msgs/srv/detail/dds_fastrtps
[1.109s] -- Up-to-date: /home/mintji/ros2_foxy/install/ros_rclpy_package_msgs/lib/libros_rclpy_package_msgs__rosidl_typesupport_fastrtps_cpp.so
[1.109s] -- Up-to-date: /home/mintji/ros2_foxy/install/ros_rclpy_package_msgs/include/ros_rclpy_package_msgs
[1.109s] -- Up-to-date: /home/mintji/ros2_foxy/install/ros_rclpy_package_msgs/include/ros_rclpy_package_msgs/msg
[1.109s] -- Up-to-date: /home/mintji/ros2_foxy/install/ros_rclpy_package_msgs/include/ros_rclpy_package_msgs/msg/rosidl_typesupport_introspection_c__visibility_control.h
[1.109s] -- Up-to-date: /home/mintji/ros2_foxy/install/ros_rclpy_package_msgs/include/ros_rclpy_package_msgs/srv
[1.110s] -- Up-to-date: /home/mintji/ros2_foxy/install/ros_rclpy_package_msgs/include/ros_rclpy_package_msgs/srv/detail
[1.110s] -- Up-to-date: /home/mintji/ros2_foxy/install/ros_rclpy_package_msgs/include/ros_rclpy_package_msgs/srv/detail/multi_spawn__type_support.c
[1.110s] -- Up-to-date: /home/mintji/ros2_foxy/install/ros_rclpy_package_msgs/include/ros_rclpy_package_msgs/srv/detail/multi_spawn__rosidl_typesupport_introspection_c.h
[1.110s] -- Up-to-date: /home/mintji/ros2_foxy/install/ros_rclpy_package_msgs/lib/libros_rclpy_package_msgs__rosidl_typesupport_introspection_c.so
[1.110s] -- Up-to-date: /home/mintji/ros2_foxy/install/ros_rclpy_package_msgs/lib/libros_rclpy_package_msgs__rosidl_typesupport_c.so
[1.110s] -- Up-to-date: /home/mintji/ros2_foxy/install/ros_rclpy_package_msgs/include/ros_rclpy_package_msgs
[1.110s] -- Up-to-date: /home/mintji/ros2_foxy/install/ros_rclpy_package_msgs/include/ros_rclpy_package_msgs/msg
[1.110s] -- Up-to-date: /home/mintji/ros2_foxy/install/ros_rclpy_package_msgs/include/ros_rclpy_package_msgs/msg/rosidl_generator_cpp__visibility_control.hpp
[1.110s] -- Up-to-date: /home/mintji/ros2_foxy/install/ros_rclpy_package_msgs/include/ros_rclpy_package_msgs/srv
[1.110s] -- Up-to-date: /home/mintji/ros2_foxy/install/ros_rclpy_package_msgs/include/ros_rclpy_package_msgs/srv/multi_spawn.hpp
[1.110s] -- Up-to-date: /home/mintji/ros2_foxy/install/ros_rclpy_package_msgs/include/ros_rclpy_package_msgs/srv/detail
[1.110s] -- Up-to-date: /home/mintji/ros2_foxy/install/ros_rclpy_package_msgs/include/ros_rclpy_package_msgs/srv/detail/multi_spawn__struct.hpp
[1.111s] -- Up-to-date: /home/mintji/ros2_foxy/install/ros_rclpy_package_msgs/include/ros_rclpy_package_msgs/srv/detail/multi_spawn__builder.hpp
[1.111s] -- Up-to-date: /home/mintji/ros2_foxy/install/ros_rclpy_package_msgs/include/ros_rclpy_package_msgs/srv/detail/multi_spawn__traits.hpp
[1.113s] -- Up-to-date: /home/mintji/ros2_foxy/install/ros_rclpy_package_msgs/include/ros_rclpy_package_msgs/srv/detail/multi_spawn__type_support.hpp
[1.115s] -- Up-to-date: /home/mintji/ros2_foxy/install/ros_rclpy_package_msgs/include/ros_rclpy_package_msgs
[1.116s] -- Up-to-date: /home/mintji/ros2_foxy/install/ros_rclpy_package_msgs/include/ros_rclpy_package_msgs/srv
[1.117s] -- Up-to-date: /home/mintji/ros2_foxy/install/ros_rclpy_package_msgs/include/ros_rclpy_package_msgs/srv/detail
[1.118s] -- Up-to-date: /home/mintji/ros2_foxy/install/ros_rclpy_package_msgs/include/ros_rclpy_package_msgs/srv/detail/multi_spawn__rosidl_typesupport_introspection_cpp.hpp
[1.119s] -- Up-to-date: /home/mintji/ros2_foxy/install/ros_rclpy_package_msgs/include/ros_rclpy_package_msgs/srv/detail/multi_spawn__type_support.cpp
[1.120s] -- Up-to-date: /home/mintji/ros2_foxy/install/ros_rclpy_package_msgs/lib/libros_rclpy_package_msgs__rosidl_typesupport_introspection_cpp.so
[1.120s] -- Up-to-date: /home/mintji/ros2_foxy/install/ros_rclpy_package_msgs/lib/libros_rclpy_package_msgs__rosidl_typesupport_cpp.so
[1.121s] -- Up-to-date: /home/mintji/ros2_foxy/install/ros_rclpy_package_msgs/share/ros_rclpy_package_msgs/environment/pythonpath.sh
[1.121s] -- Up-to-date: /home/mintji/ros2_foxy/install/ros_rclpy_package_msgs/share/ros_rclpy_package_msgs/environment/pythonpath.dsv
[1.122s] -- Up-to-date: /home/mintji/ros2_foxy/install/ros_rclpy_package_msgs/lib/python3.8/site-packages/ros_rclpy_package_msgs/__init__.py
[1.181s] -- Up-to-date: /home/mintji/ros2_foxy/install/ros_rclpy_package_msgs/lib/python3.8/site-packages/ros_rclpy_package_msgs/srv
[1.181s] -- Up-to-date: /home/mintji/ros2_foxy/install/ros_rclpy_package_msgs/lib/python3.8/site-packages/ros_rclpy_package_msgs/srv/_multi_spawn.py
[1.182s] -- Up-to-date: /home/mintji/ros2_foxy/install/ros_rclpy_package_msgs/lib/python3.8/site-packages/ros_rclpy_package_msgs/srv/_multi_spawn_s.c
[1.182s] -- Up-to-date: /home/mintji/ros2_foxy/install/ros_rclpy_package_msgs/lib/python3.8/site-packages/ros_rclpy_package_msgs/srv/__init__.py
[1.183s] -- Up-to-date: /home/mintji/ros2_foxy/install/ros_rclpy_package_msgs/lib/python3.8/site-packages/ros_rclpy_package_msgs/ros_rclpy_package_msgs_s__rosidl_typesupport_fastrtps_c.cpython-38-x86_64-linux-gnu.so
[1.183s] -- Up-to-date: /home/mintji/ros2_foxy/install/ros_rclpy_package_msgs/lib/python3.8/site-packages/ros_rclpy_package_msgs/ros_rclpy_package_msgs_s__rosidl_typesupport_introspection_c.cpython-38-x86_64-linux-gnu.so
[1.184s] -- Up-to-date: /home/mintji/ros2_foxy/install/ros_rclpy_package_msgs/lib/python3.8/site-packages/ros_rclpy_package_msgs/ros_rclpy_package_msgs_s__rosidl_typesupport_c.cpython-38-x86_64-linux-gnu.so
[1.185s] -- Up-to-date: /home/mintji/ros2_foxy/install/ros_rclpy_package_msgs/lib/libros_rclpy_package_msgs__python.so
[1.186s] -- Up-to-date: /home/mintji/ros2_foxy/install/ros_rclpy_package_msgs/share/ros_rclpy_package_msgs/srv/MultiSpawn.idl
[1.187s] -- Up-to-date: /home/mintji/ros2_foxy/install/ros_rclpy_package_msgs/share/ros_rclpy_package_msgs/srv/MultiSpawn.srv
[1.187s] -- Up-to-date: /home/mintji/ros2_foxy/install/ros_rclpy_package_msgs/share/ros_rclpy_package_msgs/srv/MultiSpawn_Request.msg
[1.188s] -- Up-to-date: /home/mintji/ros2_foxy/install/ros_rclpy_package_msgs/share/ros_rclpy_package_msgs/srv/MultiSpawn_Response.msg
[1.189s] -- Up-to-date: /home/mintji/ros2_foxy/install/ros_rclpy_package_msgs/share/ament_index/resource_index/package_run_dependencies/ros_rclpy_package_msgs
[1.189s] -- Up-to-date: /home/mintji/ros2_foxy/install/ros_rclpy_package_msgs/share/ament_index/resource_index/parent_prefix_path/ros_rclpy_package_msgs
[1.190s] -- Up-to-date: /home/mintji/ros2_foxy/install/ros_rclpy_package_msgs/share/ros_rclpy_package_msgs/environment/ament_prefix_path.sh
[1.190s] -- Up-to-date: /home/mintji/ros2_foxy/install/ros_rclpy_package_msgs/share/ros_rclpy_package_msgs/environment/ament_prefix_path.dsv
[1.190s] -- Up-to-date: /home/mintji/ros2_foxy/install/ros_rclpy_package_msgs/share/ros_rclpy_package_msgs/environment/path.sh
[1.191s] -- Up-to-date: /home/mintji/ros2_foxy/install/ros_rclpy_package_msgs/share/ros_rclpy_package_msgs/environment/path.dsv
[1.191s] -- Up-to-date: /home/mintji/ros2_foxy/install/ros_rclpy_package_msgs/share/ros_rclpy_package_msgs/local_setup.bash
[1.192s] -- Up-to-date: /home/mintji/ros2_foxy/install/ros_rclpy_package_msgs/share/ros_rclpy_package_msgs/local_setup.sh
[1.192s] -- Up-to-date: /home/mintji/ros2_foxy/install/ros_rclpy_package_msgs/share/ros_rclpy_package_msgs/local_setup.zsh
[1.192s] -- Up-to-date: /home/mintji/ros2_foxy/install/ros_rclpy_package_msgs/share/ros_rclpy_package_msgs/local_setup.dsv
[1.192s] -- Installing: /home/mintji/ros2_foxy/install/ros_rclpy_package_msgs/share/ros_rclpy_package_msgs/package.dsv
[1.192s] -- Up-to-date: /home/mintji/ros2_foxy/install/ros_rclpy_package_msgs/share/ament_index/resource_index/packages/ros_rclpy_package_msgs
[1.192s] -- Up-to-date: /home/mintji/ros2_foxy/install/ros_rclpy_package_msgs/share/ros_rclpy_package_msgs/cmake/ros_rclpy_package_msgs__rosidl_generator_cExport.cmake
[1.193s] -- Up-to-date: /home/mintji/ros2_foxy/install/ros_rclpy_package_msgs/share/ros_rclpy_package_msgs/cmake/ros_rclpy_package_msgs__rosidl_generator_cExport-noconfig.cmake
[1.193s] -- Up-to-date: /home/mintji/ros2_foxy/install/ros_rclpy_package_msgs/share/ros_rclpy_package_msgs/cmake/ros_rclpy_package_msgs__rosidl_typesupport_introspection_cExport.cmake
[1.193s] -- Up-to-date: /home/mintji/ros2_foxy/install/ros_rclpy_package_msgs/share/ros_rclpy_package_msgs/cmake/ros_rclpy_package_msgs__rosidl_typesupport_introspection_cExport-noconfig.cmake
[1.193s] -- Up-to-date: /home/mintji/ros2_foxy/install/ros_rclpy_package_msgs/share/ros_rclpy_package_msgs/cmake/ros_rclpy_package_msgs__rosidl_typesupport_cExport.cmake
[1.193s] -- Up-to-date: /home/mintji/ros2_foxy/install/ros_rclpy_package_msgs/share/ros_rclpy_package_msgs/cmake/ros_rclpy_package_msgs__rosidl_typesupport_cExport-noconfig.cmake
[1.193s] -- Up-to-date: /home/mintji/ros2_foxy/install/ros_rclpy_package_msgs/share/ros_rclpy_package_msgs/cmake/ros_rclpy_package_msgs__rosidl_generator_cppExport.cmake
[1.193s] -- Up-to-date: /home/mintji/ros2_foxy/install/ros_rclpy_package_msgs/share/ros_rclpy_package_msgs/cmake/ros_rclpy_package_msgs__rosidl_typesupport_introspection_cppExport.cmake
[1.193s] -- Up-to-date: /home/mintji/ros2_foxy/install/ros_rclpy_package_msgs/share/ros_rclpy_package_msgs/cmake/ros_rclpy_package_msgs__rosidl_typesupport_introspection_cppExport-noconfig.cmake
[1.194s] -- Up-to-date: /home/mintji/ros2_foxy/install/ros_rclpy_package_msgs/share/ros_rclpy_package_msgs/cmake/ros_rclpy_package_msgs__rosidl_typesupport_cppExport.cmake
[1.194s] -- Up-to-date: /home/mintji/ros2_foxy/install/ros_rclpy_package_msgs/share/ros_rclpy_package_msgs/cmake/ros_rclpy_package_msgs__rosidl_typesupport_cppExport-noconfig.cmake
[1.195s] -- Up-to-date: /home/mintji/ros2_foxy/install/ros_rclpy_package_msgs/share/ros_rclpy_package_msgs/cmake/rosidl_cmake-extras.cmake
[1.195s] -- Up-to-date: /home/mintji/ros2_foxy/install/ros_rclpy_package_msgs/share/ros_rclpy_package_msgs/cmake/ament_cmake_export_dependencies-extras.cmake
[1.196s] -- Up-to-date: /home/mintji/ros2_foxy/install/ros_rclpy_package_msgs/share/ros_rclpy_package_msgs/cmake/ament_cmake_export_libraries-extras.cmake
[1.196s] -- Up-to-date: /home/mintji/ros2_foxy/install/ros_rclpy_package_msgs/share/ros_rclpy_package_msgs/cmake/ament_cmake_export_targets-extras.cmake
[1.196s] -- Up-to-date: /home/mintji/ros2_foxy/install/ros_rclpy_package_msgs/share/ros_rclpy_package_msgs/cmake/ament_cmake_export_include_directories-extras.cmake
[1.196s] -- Up-to-date: /home/mintji/ros2_foxy/install/ros_rclpy_package_msgs/share/ros_rclpy_package_msgs/cmake/rosidl_cmake_export_typesupport_libraries-extras.cmake
[1.197s] -- Up-to-date: /home/mintji/ros2_foxy/install/ros_rclpy_package_msgs/share/ros_rclpy_package_msgs/cmake/rosidl_cmake_export_typesupport_targets-extras.cmake
[1.198s] -- Up-to-date: /home/mintji/ros2_foxy/install/ros_rclpy_package_msgs/share/ros_rclpy_package_msgs/cmake/ros_rclpy_package_msgsConfig.cmake
[1.199s] -- Up-to-date: /home/mintji/ros2_foxy/install/ros_rclpy_package_msgs/share/ros_rclpy_package_msgs/cmake/ros_rclpy_package_msgsConfig-version.cmake
[1.202s] -- Up-to-date: /home/mintji/ros2_foxy/install/ros_rclpy_package_msgs/share/ros_rclpy_package_msgs/package.xml
[1.202s] Invoked command in '/home/mintji/ros2_foxy/build/ros_rclpy_package_msgs' returned '0': CMAKE_PREFIX_PATH=${CMAKE_PREFIX_PATH}:/home/mintji/ros2_foxy/install/ros_rclpy_package:/home/mintji/ros2_study/install/my_first_rclpy_package:/opt/ros/foxy /usr/bin/cmake --install /home/mintji/ros2_foxy/build/ros_rclpy_package_msgs
