[  3%] Built target ros_rclpy_package_msgs__cpp
[ 12%] Built target ros_rclpy_package_msgs__rosidl_generator_c
[ 22%] Built target ros_rclpy_package_msgs__rosidl_typesupport_introspection_c
[ 38%] Built target ros_rclpy_package_msgs__rosidl_typesupport_introspection_cpp
[ 41%] Built target ros_rclpy_package_msgs__rosidl_typesupport_cpp
[ 51%] Built target ros_rclpy_package_msgs__rosidl_typesupport_fastrtps_cpp
[ 61%] Built target ros_rclpy_package_msgs__rosidl_typesupport_c
[ 70%] Built target ros_rclpy_package_msgs__rosidl_typesupport_fastrtps_c
[ 70%] Built target ros_rclpy_package_msgs
[ 74%] Built target ros_rclpy_package_msgs__py
[ 80%] Built target ros_rclpy_package_msgs__python
[ 87%] Built target ros_rclpy_package_msgs__rosidl_typesupport_introspection_c__pyext
[ 93%] Built target ros_rclpy_package_msgs__rosidl_typesupport_c__pyext
[100%] Built target ros_rclpy_package_msgs__rosidl_typesupport_fastrtps_c__pyext
-- Install configuration: ""
-- Up-to-date: /home/mintji/ros2_foxy/install/ros_rclpy_package_msgs/share/ament_index/resource_index/rosidl_interfaces/ros_rclpy_package_msgs
-- Up-to-date: /home/mintji/ros2_foxy/install/ros_rclpy_package_msgs/include/ros_rclpy_package_msgs
-- Up-to-date: /home/mintji/ros2_foxy/install/ros_rclpy_package_msgs/include/ros_rclpy_package_msgs/msg
-- Up-to-date: /home/mintji/ros2_foxy/install/ros_rclpy_package_msgs/include/ros_rclpy_package_msgs/msg/rosidl_generator_c__visibility_control.h
-- Up-to-date: /home/mintji/ros2_foxy/install/ros_rclpy_package_msgs/include/ros_rclpy_package_msgs/srv
-- Up-to-date: /home/mintji/ros2_foxy/install/ros_rclpy_package_msgs/include/ros_rclpy_package_msgs/srv/multi_spawn.h
-- Up-to-date: /home/mintji/ros2_foxy/install/ros_rclpy_package_msgs/include/ros_rclpy_package_msgs/srv/detail
-- Up-to-date: /home/mintji/ros2_foxy/install/ros_rclpy_package_msgs/include/ros_rclpy_package_msgs/srv/detail/multi_spawn__functions.h
-- Up-to-date: /home/mintji/ros2_foxy/install/ros_rclpy_package_msgs/include/ros_rclpy_package_msgs/srv/detail/multi_spawn__type_support.h
-- Up-to-date: /home/mintji/ros2_foxy/install/ros_rclpy_package_msgs/include/ros_rclpy_package_msgs/srv/detail/multi_spawn__struct.h
-- Up-to-date: /home/mintji/ros2_foxy/install/ros_rclpy_package_msgs/include/ros_rclpy_package_msgs/srv/detail/multi_spawn__functions.c
-- Up-to-date: /home/mintji/ros2_foxy/install/ros_rclpy_package_msgs/share/ros_rclpy_package_msgs/environment/library_path.sh
-- Up-to-date: /home/mintji/ros2_foxy/install/ros_rclpy_package_msgs/share/ros_rclpy_package_msgs/environment/library_path.dsv
-- Up-to-date: /home/mintji/ros2_foxy/install/ros_rclpy_package_msgs/lib/libros_rclpy_package_msgs__rosidl_generator_c.so
-- Up-to-date: /home/mintji/ros2_foxy/install/ros_rclpy_package_msgs/include/ros_rclpy_package_msgs
-- Up-to-date: /home/mintji/ros2_foxy/install/ros_rclpy_package_msgs/include/ros_rclpy_package_msgs/msg
-- Up-to-date: /home/mintji/ros2_foxy/install/ros_rclpy_package_msgs/include/ros_rclpy_package_msgs/msg/rosidl_typesupport_fastrtps_c__visibility_control.h
-- Up-to-date: /home/mintji/ros2_foxy/install/ros_rclpy_package_msgs/include/ros_rclpy_package_msgs/srv
-- Up-to-date: /home/mintji/ros2_foxy/install/ros_rclpy_package_msgs/include/ros_rclpy_package_msgs/srv/detail
-- Up-to-date: /home/mintji/ros2_foxy/install/ros_rclpy_package_msgs/include/ros_rclpy_package_msgs/srv/detail/multi_spawn__rosidl_typesupport_fastrtps_c.h
-- Up-to-date: /home/mintji/ros2_foxy/install/ros_rclpy_package_msgs/lib/libros_rclpy_package_msgs__rosidl_typesupport_fastrtps_c.so
-- Up-to-date: /home/mintji/ros2_foxy/install/ros_rclpy_package_msgs/include/ros_rclpy_package_msgs
-- Up-to-date: /home/mintji/ros2_foxy/install/ros_rclpy_package_msgs/include/ros_rclpy_package_msgs/msg
-- Up-to-date: /home/mintji/ros2_foxy/install/ros_rclpy_package_msgs/include/ros_rclpy_package_msgs/msg/rosidl_typesupport_fastrtps_cpp__visibility_control.h
-- Up-to-date: /home/mintji/ros2_foxy/install/ros_rclpy_package_msgs/include/ros_rclpy_package_msgs/srv
-- Up-to-date: /home/mintji/ros2_foxy/install/ros_rclpy_package_msgs/include/ros_rclpy_package_msgs/srv/detail
-- Up-to-date: /home/mintji/ros2_foxy/install/ros_rclpy_package_msgs/include/ros_rclpy_package_msgs/srv/detail/multi_spawn__rosidl_typesupport_fastrtps_cpp.hpp
-- Up-to-date: /home/mintji/ros2_foxy/install/ros_rclpy_package_msgs/include/ros_rclpy_package_msgs/srv/detail/dds_fastrtps
-- Up-to-date: /home/mintji/ros2_foxy/install/ros_rclpy_package_msgs/lib/libros_rclpy_package_msgs__rosidl_typesupport_fastrtps_cpp.so
-- Up-to-date: /home/mintji/ros2_foxy/install/ros_rclpy_package_msgs/include/ros_rclpy_package_msgs
-- Up-to-date: /home/mintji/ros2_foxy/install/ros_rclpy_package_msgs/include/ros_rclpy_package_msgs/msg
-- Up-to-date: /home/mintji/ros2_foxy/install/ros_rclpy_package_msgs/include/ros_rclpy_package_msgs/msg/rosidl_typesupport_introspection_c__visibility_control.h
-- Up-to-date: /home/mintji/ros2_foxy/install/ros_rclpy_package_msgs/include/ros_rclpy_package_msgs/srv
-- Up-to-date: /home/mintji/ros2_foxy/install/ros_rclpy_package_msgs/include/ros_rclpy_package_msgs/srv/detail
-- Up-to-date: /home/mintji/ros2_foxy/install/ros_rclpy_package_msgs/include/ros_rclpy_package_msgs/srv/detail/multi_spawn__type_support.c
-- Up-to-date: /home/mintji/ros2_foxy/install/ros_rclpy_package_msgs/include/ros_rclpy_package_msgs/srv/detail/multi_spawn__rosidl_typesupport_introspection_c.h
-- Up-to-date: /home/mintji/ros2_foxy/install/ros_rclpy_package_msgs/lib/libros_rclpy_package_msgs__rosidl_typesupport_introspection_c.so
-- Up-to-date: /home/mintji/ros2_foxy/install/ros_rclpy_package_msgs/lib/libros_rclpy_package_msgs__rosidl_typesupport_c.so
-- Up-to-date: /home/mintji/ros2_foxy/install/ros_rclpy_package_msgs/include/ros_rclpy_package_msgs
-- Up-to-date: /home/mintji/ros2_foxy/install/ros_rclpy_package_msgs/include/ros_rclpy_package_msgs/msg
-- Up-to-date: /home/mintji/ros2_foxy/install/ros_rclpy_package_msgs/include/ros_rclpy_package_msgs/msg/rosidl_generator_cpp__visibility_control.hpp
-- Up-to-date: /home/mintji/ros2_foxy/install/ros_rclpy_package_msgs/include/ros_rclpy_package_msgs/srv
-- Up-to-date: /home/mintji/ros2_foxy/install/ros_rclpy_package_msgs/include/ros_rclpy_package_msgs/srv/multi_spawn.hpp
-- Up-to-date: /home/mintji/ros2_foxy/install/ros_rclpy_package_msgs/include/ros_rclpy_package_msgs/srv/detail
-- Up-to-date: /home/mintji/ros2_foxy/install/ros_rclpy_package_msgs/include/ros_rclpy_package_msgs/srv/detail/multi_spawn__struct.hpp
-- Up-to-date: /home/mintji/ros2_foxy/install/ros_rclpy_package_msgs/include/ros_rclpy_package_msgs/srv/detail/multi_spawn__builder.hpp
-- Up-to-date: /home/mintji/ros2_foxy/install/ros_rclpy_package_msgs/include/ros_rclpy_package_msgs/srv/detail/multi_spawn__traits.hpp
-- Up-to-date: /home/mintji/ros2_foxy/install/ros_rclpy_package_msgs/include/ros_rclpy_package_msgs/srv/detail/multi_spawn__type_support.hpp
-- Up-to-date: /home/mintji/ros2_foxy/install/ros_rclpy_package_msgs/include/ros_rclpy_package_msgs
-- Up-to-date: /home/mintji/ros2_foxy/install/ros_rclpy_package_msgs/include/ros_rclpy_package_msgs/srv
-- Up-to-date: /home/mintji/ros2_foxy/install/ros_rclpy_package_msgs/include/ros_rclpy_package_msgs/srv/detail
-- Up-to-date: /home/mintji/ros2_foxy/install/ros_rclpy_package_msgs/include/ros_rclpy_package_msgs/srv/detail/multi_spawn__rosidl_typesupport_introspection_cpp.hpp
-- Up-to-date: /home/mintji/ros2_foxy/install/ros_rclpy_package_msgs/include/ros_rclpy_package_msgs/srv/detail/multi_spawn__type_support.cpp
-- Up-to-date: /home/mintji/ros2_foxy/install/ros_rclpy_package_msgs/lib/libros_rclpy_package_msgs__rosidl_typesupport_introspection_cpp.so
-- Up-to-date: /home/mintji/ros2_foxy/install/ros_rclpy_package_msgs/lib/libros_rclpy_package_msgs__rosidl_typesupport_cpp.so
-- Up-to-date: /home/mintji/ros2_foxy/install/ros_rclpy_package_msgs/share/ros_rclpy_package_msgs/environment/pythonpath.sh
-- Up-to-date: /home/mintji/ros2_foxy/install/ros_rclpy_package_msgs/share/ros_rclpy_package_msgs/environment/pythonpath.dsv
-- Up-to-date: /home/mintji/ros2_foxy/install/ros_rclpy_package_msgs/lib/python3.8/site-packages/ros_rclpy_package_msgs/__init__.py
-- Up-to-date: /home/mintji/ros2_foxy/install/ros_rclpy_package_msgs/lib/python3.8/site-packages/ros_rclpy_package_msgs/srv
-- Up-to-date: /home/mintji/ros2_foxy/install/ros_rclpy_package_msgs/lib/python3.8/site-packages/ros_rclpy_package_msgs/srv/_multi_spawn.py
-- Up-to-date: /home/mintji/ros2_foxy/install/ros_rclpy_package_msgs/lib/python3.8/site-packages/ros_rclpy_package_msgs/srv/_multi_spawn_s.c
-- Up-to-date: /home/mintji/ros2_foxy/install/ros_rclpy_package_msgs/lib/python3.8/site-packages/ros_rclpy_package_msgs/srv/__init__.py
-- Up-to-date: /home/mintji/ros2_foxy/install/ros_rclpy_package_msgs/lib/python3.8/site-packages/ros_rclpy_package_msgs/ros_rclpy_package_msgs_s__rosidl_typesupport_fastrtps_c.cpython-38-x86_64-linux-gnu.so
-- Up-to-date: /home/mintji/ros2_foxy/install/ros_rclpy_package_msgs/lib/python3.8/site-packages/ros_rclpy_package_msgs/ros_rclpy_package_msgs_s__rosidl_typesupport_introspection_c.cpython-38-x86_64-linux-gnu.so
-- Up-to-date: /home/mintji/ros2_foxy/install/ros_rclpy_package_msgs/lib/python3.8/site-packages/ros_rclpy_package_msgs/ros_rclpy_package_msgs_s__rosidl_typesupport_c.cpython-38-x86_64-linux-gnu.so
-- Up-to-date: /home/mintji/ros2_foxy/install/ros_rclpy_package_msgs/lib/libros_rclpy_package_msgs__python.so
-- Up-to-date: /home/mintji/ros2_foxy/install/ros_rclpy_package_msgs/share/ros_rclpy_package_msgs/srv/MultiSpawn.idl
-- Up-to-date: /home/mintji/ros2_foxy/install/ros_rclpy_package_msgs/share/ros_rclpy_package_msgs/srv/MultiSpawn.srv
-- Up-to-date: /home/mintji/ros2_foxy/install/ros_rclpy_package_msgs/share/ros_rclpy_package_msgs/srv/MultiSpawn_Request.msg
-- Up-to-date: /home/mintji/ros2_foxy/install/ros_rclpy_package_msgs/share/ros_rclpy_package_msgs/srv/MultiSpawn_Response.msg
-- Up-to-date: /home/mintji/ros2_foxy/install/ros_rclpy_package_msgs/share/ament_index/resource_index/package_run_dependencies/ros_rclpy_package_msgs
-- Up-to-date: /home/mintji/ros2_foxy/install/ros_rclpy_package_msgs/share/ament_index/resource_index/parent_prefix_path/ros_rclpy_package_msgs
-- Up-to-date: /home/mintji/ros2_foxy/install/ros_rclpy_package_msgs/share/ros_rclpy_package_msgs/environment/ament_prefix_path.sh
-- Up-to-date: /home/mintji/ros2_foxy/install/ros_rclpy_package_msgs/share/ros_rclpy_package_msgs/environment/ament_prefix_path.dsv
-- Up-to-date: /home/mintji/ros2_foxy/install/ros_rclpy_package_msgs/share/ros_rclpy_package_msgs/environment/path.sh
-- Up-to-date: /home/mintji/ros2_foxy/install/ros_rclpy_package_msgs/share/ros_rclpy_package_msgs/environment/path.dsv
-- Up-to-date: /home/mintji/ros2_foxy/install/ros_rclpy_package_msgs/share/ros_rclpy_package_msgs/local_setup.bash
-- Up-to-date: /home/mintji/ros2_foxy/install/ros_rclpy_package_msgs/share/ros_rclpy_package_msgs/local_setup.sh
-- Up-to-date: /home/mintji/ros2_foxy/install/ros_rclpy_package_msgs/share/ros_rclpy_package_msgs/local_setup.zsh
-- Up-to-date: /home/mintji/ros2_foxy/install/ros_rclpy_package_msgs/share/ros_rclpy_package_msgs/local_setup.dsv
-- Installing: /home/mintji/ros2_foxy/install/ros_rclpy_package_msgs/share/ros_rclpy_package_msgs/package.dsv
-- Up-to-date: /home/mintji/ros2_foxy/install/ros_rclpy_package_msgs/share/ament_index/resource_index/packages/ros_rclpy_package_msgs
-- Up-to-date: /home/mintji/ros2_foxy/install/ros_rclpy_package_msgs/share/ros_rclpy_package_msgs/cmake/ros_rclpy_package_msgs__rosidl_generator_cExport.cmake
-- Up-to-date: /home/mintji/ros2_foxy/install/ros_rclpy_package_msgs/share/ros_rclpy_package_msgs/cmake/ros_rclpy_package_msgs__rosidl_generator_cExport-noconfig.cmake
-- Up-to-date: /home/mintji/ros2_foxy/install/ros_rclpy_package_msgs/share/ros_rclpy_package_msgs/cmake/ros_rclpy_package_msgs__rosidl_typesupport_introspection_cExport.cmake
-- Up-to-date: /home/mintji/ros2_foxy/install/ros_rclpy_package_msgs/share/ros_rclpy_package_msgs/cmake/ros_rclpy_package_msgs__rosidl_typesupport_introspection_cExport-noconfig.cmake
-- Up-to-date: /home/mintji/ros2_foxy/install/ros_rclpy_package_msgs/share/ros_rclpy_package_msgs/cmake/ros_rclpy_package_msgs__rosidl_typesupport_cExport.cmake
-- Up-to-date: /home/mintji/ros2_foxy/install/ros_rclpy_package_msgs/share/ros_rclpy_package_msgs/cmake/ros_rclpy_package_msgs__rosidl_typesupport_cExport-noconfig.cmake
-- Up-to-date: /home/mintji/ros2_foxy/install/ros_rclpy_package_msgs/share/ros_rclpy_package_msgs/cmake/ros_rclpy_package_msgs__rosidl_generator_cppExport.cmake
-- Up-to-date: /home/mintji/ros2_foxy/install/ros_rclpy_package_msgs/share/ros_rclpy_package_msgs/cmake/ros_rclpy_package_msgs__rosidl_typesupport_introspection_cppExport.cmake
-- Up-to-date: /home/mintji/ros2_foxy/install/ros_rclpy_package_msgs/share/ros_rclpy_package_msgs/cmake/ros_rclpy_package_msgs__rosidl_typesupport_introspection_cppExport-noconfig.cmake
-- Up-to-date: /home/mintji/ros2_foxy/install/ros_rclpy_package_msgs/share/ros_rclpy_package_msgs/cmake/ros_rclpy_package_msgs__rosidl_typesupport_cppExport.cmake
-- Up-to-date: /home/mintji/ros2_foxy/install/ros_rclpy_package_msgs/share/ros_rclpy_package_msgs/cmake/ros_rclpy_package_msgs__rosidl_typesupport_cppExport-noconfig.cmake
-- Up-to-date: /home/mintji/ros2_foxy/install/ros_rclpy_package_msgs/share/ros_rclpy_package_msgs/cmake/rosidl_cmake-extras.cmake
-- Up-to-date: /home/mintji/ros2_foxy/install/ros_rclpy_package_msgs/share/ros_rclpy_package_msgs/cmake/ament_cmake_export_dependencies-extras.cmake
-- Up-to-date: /home/mintji/ros2_foxy/install/ros_rclpy_package_msgs/share/ros_rclpy_package_msgs/cmake/ament_cmake_export_libraries-extras.cmake
-- Up-to-date: /home/mintji/ros2_foxy/install/ros_rclpy_package_msgs/share/ros_rclpy_package_msgs/cmake/ament_cmake_export_targets-extras.cmake
-- Up-to-date: /home/mintji/ros2_foxy/install/ros_rclpy_package_msgs/share/ros_rclpy_package_msgs/cmake/ament_cmake_export_include_directories-extras.cmake
-- Up-to-date: /home/mintji/ros2_foxy/install/ros_rclpy_package_msgs/share/ros_rclpy_package_msgs/cmake/rosidl_cmake_export_typesupport_libraries-extras.cmake
-- Up-to-date: /home/mintji/ros2_foxy/install/ros_rclpy_package_msgs/share/ros_rclpy_package_msgs/cmake/rosidl_cmake_export_typesupport_targets-extras.cmake
-- Up-to-date: /home/mintji/ros2_foxy/install/ros_rclpy_package_msgs/share/ros_rclpy_package_msgs/cmake/ros_rclpy_package_msgsConfig.cmake
-- Up-to-date: /home/mintji/ros2_foxy/install/ros_rclpy_package_msgs/share/ros_rclpy_package_msgs/cmake/ros_rclpy_package_msgsConfig-version.cmake
-- Up-to-date: /home/mintji/ros2_foxy/install/ros_rclpy_package_msgs/share/ros_rclpy_package_msgs/package.xml
