[0.738s] Invoking command in '/home/mintji/ros2_foxy/src/ros_rclpy_package': PYTHONPATH=/home/mintji/ros2_foxy/build/ros_rclpy_package/prefix_override:/home/mintji/ros2_foxy/install/ros_rclpy_package/lib/python3.8/site-packages:${PYTHONPATH} /usr/bin/python3 setup.py egg_info --egg-base ../../build/ros_rclpy_package build --build-base /home/mintji/ros2_foxy/build/ros_rclpy_package/build install --record /home/mintji/ros2_foxy/build/ros_rclpy_package/install.log --install-scripts $base/lib/ros_rclpy_package --single-version-externally-managed
[0.948s] running egg_info
[0.949s] writing ../../build/ros_rclpy_package/ros_rclpy_package.egg-info/PKG-INFO
[0.950s] writing dependency_links to ../../build/ros_rclpy_package/ros_rclpy_package.egg-info/dependency_links.txt
[0.951s] writing entry points to ../../build/ros_rclpy_package/ros_rclpy_package.egg-info/entry_points.txt
[0.951s] writing requirements to ../../build/ros_rclpy_package/ros_rclpy_package.egg-info/requires.txt
[0.951s] writing top-level names to ../../build/ros_rclpy_package/ros_rclpy_package.egg-info/top_level.txt
[0.989s] reading manifest file '../../build/ros_rclpy_package/ros_rclpy_package.egg-info/SOURCES.txt'
[0.990s] writing manifest file '../../build/ros_rclpy_package/ros_rclpy_package.egg-info/SOURCES.txt'
[0.990s] running build
[0.990s] running build_py
[0.990s] copying ros_rclpy_package/my_publisher.py -> /home/mintji/ros2_foxy/build/ros_rclpy_package/build/lib/ros_rclpy_package
[0.991s] running install
[0.992s] running install_lib
[0.994s] copying /home/mintji/ros2_foxy/build/ros_rclpy_package/build/lib/ros_rclpy_package/my_publisher.py -> /home/mintji/ros2_foxy/install/ros_rclpy_package/lib/python3.8/site-packages/ros_rclpy_package
[0.995s] byte-compiling /home/mintji/ros2_foxy/install/ros_rclpy_package/lib/python3.8/site-packages/ros_rclpy_package/my_publisher.py to my_publisher.cpython-38.pyc
[0.996s] running install_data
[1.000s] running install_egg_info
[1.010s] removing '/home/mintji/ros2_foxy/install/ros_rclpy_package/lib/python3.8/site-packages/ros_rclpy_package-0.0.0-py3.8.egg-info' (and everything under it)
[1.014s] Copying ../../build/ros_rclpy_package/ros_rclpy_package.egg-info to /home/mintji/ros2_foxy/install/ros_rclpy_package/lib/python3.8/site-packages/ros_rclpy_package-0.0.0-py3.8.egg-info
[1.016s] running install_scripts
[1.039s] Installing my_first_node script to /home/mintji/ros2_foxy/install/ros_rclpy_package/lib/ros_rclpy_package
[1.040s] Installing my_publisher script to /home/mintji/ros2_foxy/install/ros_rclpy_package/lib/ros_rclpy_package
[1.040s] writing list of installed files to '/home/mintji/ros2_foxy/build/ros_rclpy_package/install.log'
[1.096s] Invoked command in '/home/mintji/ros2_foxy/src/ros_rclpy_package' returned '0': PYTHONPATH=/home/mintji/ros2_foxy/build/ros_rclpy_package/prefix_override:/home/mintji/ros2_foxy/install/ros_rclpy_package/lib/python3.8/site-packages:${PYTHONPATH} /usr/bin/python3 setup.py egg_info --egg-base ../../build/ros_rclpy_package build --build-base /home/mintji/ros2_foxy/build/ros_rclpy_package/build install --record /home/mintji/ros2_foxy/build/ros_rclpy_package/install.log --install-scripts $base/lib/ros_rclpy_package --single-version-externally-managed
