[0.794s] Invoking command in '/home/mintji/ros2_foxy/src/ros_rclpy_package': PYTHONPATH=/home/mintji/ros2_foxy/build/ros_rclpy_package/prefix_override:/home/mintji/ros2_foxy/install/ros_rclpy_package/lib/python3.8/site-packages:${PYTHONPATH} /usr/bin/python3 setup.py egg_info --egg-base ../../build/ros_rclpy_package build --build-base /home/mintji/ros2_foxy/build/ros_rclpy_package/build install --record /home/mintji/ros2_foxy/build/ros_rclpy_package/install.log --install-scripts $base/lib/ros_rclpy_package --single-version-externally-managed
[1.035s] running egg_info
[1.037s] writing ../../build/ros_rclpy_package/ros_rclpy_package.egg-info/PKG-INFO
[1.037s] writing dependency_links to ../../build/ros_rclpy_package/ros_rclpy_package.egg-info/dependency_links.txt
[1.038s] writing entry points to ../../build/ros_rclpy_package/ros_rclpy_package.egg-info/entry_points.txt
[1.038s] writing requirements to ../../build/ros_rclpy_package/ros_rclpy_package.egg-info/requires.txt
[1.039s] writing top-level names to ../../build/ros_rclpy_package/ros_rclpy_package.egg-info/top_level.txt
[1.092s] reading manifest file '../../build/ros_rclpy_package/ros_rclpy_package.egg-info/SOURCES.txt'
[1.093s] writing manifest file '../../build/ros_rclpy_package/ros_rclpy_package.egg-info/SOURCES.txt'
[1.093s] running build
[1.094s] running build_py
[1.095s] copying ros_rclpy_package/my_service_server.py -> /home/mintji/ros2_foxy/build/ros_rclpy_package/build/lib/ros_rclpy_package
[1.095s] running install
[1.096s] running install_lib
[1.097s] copying /home/mintji/ros2_foxy/build/ros_rclpy_package/build/lib/ros_rclpy_package/my_service_server.py -> /home/mintji/ros2_foxy/install/ros_rclpy_package/lib/python3.8/site-packages/ros_rclpy_package
[1.099s] byte-compiling /home/mintji/ros2_foxy/install/ros_rclpy_package/lib/python3.8/site-packages/ros_rclpy_package/my_service_server.py to my_service_server.cpython-38.pyc
[1.103s] running install_data
[1.103s] running install_egg_info
[1.107s] removing '/home/mintji/ros2_foxy/install/ros_rclpy_package/lib/python3.8/site-packages/ros_rclpy_package-0.0.0-py3.8.egg-info' (and everything under it)
[1.107s] Copying ../../build/ros_rclpy_package/ros_rclpy_package.egg-info to /home/mintji/ros2_foxy/install/ros_rclpy_package/lib/python3.8/site-packages/ros_rclpy_package-0.0.0-py3.8.egg-info
[1.108s] running install_scripts
[1.122s] Installing my_first_node script to /home/mintji/ros2_foxy/install/ros_rclpy_package/lib/ros_rclpy_package
[1.122s] Installing my_publisher script to /home/mintji/ros2_foxy/install/ros_rclpy_package/lib/ros_rclpy_package
[1.123s] Installing my_service_server script to /home/mintji/ros2_foxy/install/ros_rclpy_package/lib/ros_rclpy_package
[1.123s] writing list of installed files to '/home/mintji/ros2_foxy/build/ros_rclpy_package/install.log'
[1.156s] Invoked command in '/home/mintji/ros2_foxy/src/ros_rclpy_package' returned '0': PYTHONPATH=/home/mintji/ros2_foxy/build/ros_rclpy_package/prefix_override:/home/mintji/ros2_foxy/install/ros_rclpy_package/lib/python3.8/site-packages:${PYTHONPATH} /usr/bin/python3 setup.py egg_info --egg-base ../../build/ros_rclpy_package build --build-base /home/mintji/ros2_foxy/build/ros_rclpy_package/build install --record /home/mintji/ros2_foxy/build/ros_rclpy_package/install.log --install-scripts $base/lib/ros_rclpy_package --single-version-externally-managed
