/home/mintji/ros2_foxy/install/ros_rclpy_package/lib/python3.8/site-packages/ros_rclpy_package/__init__.py
/home/mintji/ros2_foxy/install/ros_rclpy_package/lib/python3.8/site-packages/ros_rclpy_package/my_service_server.py
/home/mintji/ros2_foxy/install/ros_rclpy_package/lib/python3.8/site-packages/ros_rclpy_package/my_first_node.py
/home/mintji/ros2_foxy/install/ros_rclpy_package/lib/python3.8/site-packages/ros_rclpy_package/my_publisher.py
/home/mintji/ros2_foxy/install/ros_rclpy_package/lib/python3.8/site-packages/ros_rclpy_package/__pycache__/__init__.cpython-38.pyc
/home/mintji/ros2_foxy/install/ros_rclpy_package/lib/python3.8/site-packages/ros_rclpy_package/__pycache__/my_service_server.cpython-38.pyc
/home/mintji/ros2_foxy/install/ros_rclpy_package/lib/python3.8/site-packages/ros_rclpy_package/__pycache__/my_first_node.cpython-38.pyc
/home/mintji/ros2_foxy/install/ros_rclpy_package/lib/python3.8/site-packages/ros_rclpy_package/__pycache__/my_publisher.cpython-38.pyc
/home/mintji/ros2_foxy/install/ros_rclpy_package/share/ament_index/resource_index/packages/ros_rclpy_package
/home/mintji/ros2_foxy/install/ros_rclpy_package/share/ros_rclpy_package/package.xml
/home/mintji/ros2_foxy/install/ros_rclpy_package/lib/python3.8/site-packages/ros_rclpy_package-0.0.0-py3.8.egg-info/dependency_links.txt
/home/mintji/ros2_foxy/install/ros_rclpy_package/lib/python3.8/site-packages/ros_rclpy_package-0.0.0-py3.8.egg-info/entry_points.txt
/home/mintji/ros2_foxy/install/ros_rclpy_package/lib/python3.8/site-packages/ros_rclpy_package-0.0.0-py3.8.egg-info/PKG-INFO
/home/mintji/ros2_foxy/install/ros_rclpy_package/lib/python3.8/site-packages/ros_rclpy_package-0.0.0-py3.8.egg-info/SOURCES.txt
/home/mintji/ros2_foxy/install/ros_rclpy_package/lib/python3.8/site-packages/ros_rclpy_package-0.0.0-py3.8.egg-info/requires.txt
/home/mintji/ros2_foxy/install/ros_rclpy_package/lib/python3.8/site-packages/ros_rclpy_package-0.0.0-py3.8.egg-info/zip-safe
/home/mintji/ros2_foxy/install/ros_rclpy_package/lib/python3.8/site-packages/ros_rclpy_package-0.0.0-py3.8.egg-info/top_level.txt
/home/mintji/ros2_foxy/install/ros_rclpy_package/lib/ros_rclpy_package/my_first_node
/home/mintji/ros2_foxy/install/ros_rclpy_package/lib/ros_rclpy_package/my_publisher
/home/mintji/ros2_foxy/install/ros_rclpy_package/lib/ros_rclpy_package/my_service_server
